2025-06-14 19:30:08	[  1]  Train data =  34900  Train Acc = 0.2748  Loss = 2.2322  Time = 28.49
2025-06-14 19:30:14	[  1]  Valid data =  29680  Valid Acc = 0.3170
2025-06-14 19:30:35	[  2]  Train data =  34900  Train Acc = 0.3523  Loss = 2.1714  Time = 21.37
2025-06-14 19:30:40	[  2]  Valid data =  29680  Valid Acc = 0.3207
2025-06-14 19:31:03	[  3]  Train data =  34900  Train Acc = 0.3874  Loss = 2.1294  Time = 23.26
2025-06-14 19:31:08	[  3]  Valid data =  29680  Valid Acc = 0.3709
2025-06-14 19:31:30	[  4]  Train data =  34900  Train Acc = 0.4176  Loss = 2.0957  Time = 22.20
2025-06-14 19:31:35	[  4]  Valid data =  29680  Valid Acc = 0.3866
2025-06-14 19:31:59	[  5]  Train data =  34900  Train Acc = 0.4311  Loss = 2.0742  Time = 23.27
2025-06-14 19:32:04	[  5]  Valid data =  29680  Valid Acc = 0.3681
2025-06-14 19:32:24	[  6]  Train data =  34900  Train Acc = 0.4523  Loss = 2.0497  Time = 19.78
2025-06-14 19:32:29	[  6]  Valid data =  29680  Valid Acc = 0.4225
2025-06-14 19:32:51	[  7]  Train data =  34900  Train Acc = 0.4661  Loss = 2.0361  Time = 22.77
2025-06-14 19:32:56	[  7]  Valid data =  29680  Valid Acc = 0.4240
2025-06-14 19:33:16	[  8]  Train data =  34900  Train Acc = 0.4724  Loss = 2.0221  Time = 19.76
2025-06-14 19:33:21	[  8]  Valid data =  29680  Valid Acc = 0.4279
2025-06-14 19:33:42	[  9]  Train data =  34900  Train Acc = 0.4771  Loss = 2.0161  Time = 21.25
2025-06-14 19:33:47	[  9]  Valid data =  29680  Valid Acc = 0.4215
2025-06-14 19:34:09	[ 10]  Train data =  34900  Train Acc = 0.5025  Loss = 1.9926  Time = 21.26
2025-06-14 19:34:14	[ 10]  Valid data =  29680  Valid Acc = 0.4260
2025-06-14 19:34:37	[ 11]  Train data =  34900  Train Acc = 0.5148  Loss = 1.9803  Time = 22.78
2025-06-14 19:34:42	[ 11]  Valid data =  29680  Valid Acc = 0.4637
2025-06-14 19:35:05	[ 12]  Train data =  34900  Train Acc = 0.5231  Loss = 1.9701  Time = 22.33
2025-06-14 19:35:10	[ 12]  Valid data =  29680  Valid Acc = 0.4357
2025-06-14 19:35:33	[ 13]  Train data =  34900  Train Acc = 0.5297  Loss = 1.9656  Time = 22.90
2025-06-14 19:35:38	[ 13]  Valid data =  29680  Valid Acc = 0.4080
2025-06-14 19:35:59	[ 14]  Train data =  34900  Train Acc = 0.5414  Loss = 1.9505  Time = 21.05
2025-06-14 19:36:04	[ 14]  Valid data =  29680  Valid Acc = 0.4309
2025-06-14 19:36:27	[ 15]  Train data =  34900  Train Acc = 0.5439  Loss = 1.9494  Time = 23.22
2025-06-14 19:36:32	[ 15]  Valid data =  29680  Valid Acc = 0.4120
2025-06-14 19:36:55	[ 16]  Train data =  34900  Train Acc = 0.5620  Loss = 1.9311  Time = 23.10
2025-06-14 19:37:00	[ 16]  Valid data =  29680  Valid Acc = 0.4409
2025-06-14 19:37:21	[ 17]  Train data =  34900  Train Acc = 0.5676  Loss = 1.9243  Time = 21.72
2025-06-14 19:37:26	[ 17]  Valid data =  29680  Valid Acc = 0.4279
2025-06-14 19:37:50	[ 18]  Train data =  34900  Train Acc = 0.5724  Loss = 1.9205  Time = 23.42
2025-06-14 19:37:55	[ 18]  Valid data =  29680  Valid Acc = 0.4692
2025-06-14 19:38:17	[ 19]  Train data =  34900  Train Acc = 0.5753  Loss = 1.9157  Time = 22.35
2025-06-14 19:38:22	[ 19]  Valid data =  29680  Valid Acc = 0.4079
2025-06-14 19:38:45	[ 20]  Train data =  34900  Train Acc = 0.5925  Loss = 1.8939  Time = 22.43
2025-06-14 19:38:50	[ 20]  Valid data =  29680  Valid Acc = 0.4488
2025-06-14 19:39:13	[ 21]  Train data =  34900  Train Acc = 0.5968  Loss = 1.8908  Time = 23.28
2025-06-14 19:39:18	[ 21]  Valid data =  29680  Valid Acc = 0.4389
2025-06-14 19:39:42	[ 22]  Train data =  34900  Train Acc = 0.5952  Loss = 1.8931  Time = 23.37
2025-06-14 19:39:47	[ 22]  Valid data =  29680  Valid Acc = 0.4507
2025-06-14 19:40:09	[ 23]  Train data =  34900  Train Acc = 0.6045  Loss = 1.8827  Time = 22.54
2025-06-14 19:40:14	[ 23]  Valid data =  29680  Valid Acc = 0.4600
2025-06-14 19:40:38	[ 24]  Train data =  34900  Train Acc = 0.6145  Loss = 1.8725  Time = 23.85
2025-06-14 19:40:43	[ 24]  Valid data =  29680  Valid Acc = 0.4406
2025-06-14 19:41:04	[ 25]  Train data =  34900  Train Acc = 0.6122  Loss = 1.8711  Time = 21.14
2025-06-14 19:41:09	[ 25]  Valid data =  29680  Valid Acc = 0.4698
2025-06-14 19:41:32	[ 26]  Train data =  34900  Train Acc = 0.6099  Loss = 1.8691  Time = 22.23
2025-06-14 19:41:38	[ 26]  Valid data =  29680  Valid Acc = 0.4450
2025-06-14 19:42:01	[ 27]  Train data =  34900  Train Acc = 0.6288  Loss = 1.8545  Time = 23.15
2025-06-14 19:42:07	[ 27]  Valid data =  29680  Valid Acc = 0.4408
2025-06-14 19:42:31	[ 28]  Train data =  34900  Train Acc = 0.6420  Loss = 1.8432  Time = 23.97
2025-06-14 19:42:37	[ 28]  Valid data =  29680  Valid Acc = 0.4649
2025-06-14 19:43:01	[ 29]  Train data =  34900  Train Acc = 0.6318  Loss = 1.8474  Time = 24.14
2025-06-14 19:43:07	[ 29]  Valid data =  29680  Valid Acc = 0.4573
2025-06-14 19:43:30	[ 30]  Train data =  34900  Train Acc = 0.6368  Loss = 1.8436  Time = 22.70
2025-06-14 19:43:35	[ 30]  Valid data =  29680  Valid Acc = 0.4596
2025-06-14 19:43:58	[ 31]  Train data =  34900  Train Acc = 0.6525  Loss = 1.8246  Time = 22.82
2025-06-14 19:44:04	[ 31]  Valid data =  29680  Valid Acc = 0.4580
2025-06-14 19:44:25	[ 32]  Train data =  34900  Train Acc = 0.6557  Loss = 1.8231  Time = 21.32
2025-06-14 19:44:32	[ 32]  Valid data =  29680  Valid Acc = 0.4663
2025-06-14 19:44:53	[ 33]  Train data =  34900  Train Acc = 0.6621  Loss = 1.8171  Time = 21.15
2025-06-14 19:45:01	[ 33]  Valid data =  29680  Valid Acc = 0.4552
2025-06-14 19:45:24	[ 34]  Train data =  34900  Train Acc = 0.6586  Loss = 1.8200  Time = 23.15
2025-06-14 19:45:31	[ 34]  Valid data =  29680  Valid Acc = 0.4626
2025-06-14 19:45:54	[ 35]  Train data =  34900  Train Acc = 0.6666  Loss = 1.8107  Time = 22.37
2025-06-14 19:46:02	[ 35]  Valid data =  29680  Valid Acc = 0.4644
2025-06-14 19:46:23	[ 36]  Train data =  34900  Train Acc = 0.6678  Loss = 1.8092  Time = 21.62
2025-06-14 19:46:31	[ 36]  Valid data =  29680  Valid Acc = 0.4612
2025-06-14 19:46:52	[ 37]  Train data =  34900  Train Acc = 0.6674  Loss = 1.8055  Time = 21.44
2025-06-14 19:47:00	[ 37]  Valid data =  29680  Valid Acc = 0.4636
2025-06-14 19:47:20	[ 38]  Train data =  34900  Train Acc = 0.6740  Loss = 1.8002  Time = 19.49
2025-06-14 19:47:26	[ 38]  Valid data =  29680  Valid Acc = 0.4257
2025-06-14 19:47:50	[ 39]  Train data =  34900  Train Acc = 0.6730  Loss = 1.8018  Time = 23.99
2025-06-14 19:47:55	[ 39]  Valid data =  29680  Valid Acc = 0.4812
2025-06-14 19:48:18	[ 40]  Train data =  34900  Train Acc = 0.6784  Loss = 1.7980  Time = 23.39
2025-06-14 19:48:24	[ 40]  Valid data =  29680  Valid Acc = 0.4132
2025-06-14 19:48:48	[ 41]  Train data =  34900  Train Acc = 0.6930  Loss = 1.7794  Time = 23.79
2025-06-14 19:48:54	[ 41]  Valid data =  29680  Valid Acc = 0.4298
2025-06-14 19:49:17	[ 42]  Train data =  34900  Train Acc = 0.7015  Loss = 1.7740  Time = 23.72
2025-06-14 19:49:23	[ 42]  Valid data =  29680  Valid Acc = 0.4588
2025-06-14 19:49:46	[ 43]  Train data =  34900  Train Acc = 0.6858  Loss = 1.7857  Time = 23.54
2025-06-14 19:49:52	[ 43]  Valid data =  29680  Valid Acc = 0.4926
2025-06-14 19:50:16	[ 44]  Train data =  34900  Train Acc = 0.6817  Loss = 1.7882  Time = 23.76
2025-06-14 19:50:22	[ 44]  Valid data =  29680  Valid Acc = 0.4037
2025-06-14 19:50:44	[ 45]  Train data =  34900  Train Acc = 0.6973  Loss = 1.7744  Time = 22.12
2025-06-14 19:50:50	[ 45]  Valid data =  29680  Valid Acc = 0.4377
2025-06-14 19:51:12	[ 46]  Train data =  34900  Train Acc = 0.6927  Loss = 1.7754  Time = 21.92
2025-06-14 19:51:17	[ 46]  Valid data =  29680  Valid Acc = 0.4242
2025-06-14 19:51:41	[ 47]  Train data =  34900  Train Acc = 0.6996  Loss = 1.7678  Time = 23.21
2025-06-14 19:51:46	[ 47]  Valid data =  29680  Valid Acc = 0.5029
2025-06-14 19:52:09	[ 48]  Train data =  34900  Train Acc = 0.6882  Loss = 1.7768  Time = 23.07
2025-06-14 19:52:15	[ 48]  Valid data =  29680  Valid Acc = 0.4936
2025-06-14 19:52:36	[ 49]  Train data =  34900  Train Acc = 0.7063  Loss = 1.7600  Time = 21.43
2025-06-14 19:52:42	[ 49]  Valid data =  29680  Valid Acc = 0.4811
2025-06-14 19:53:04	[ 50]  Train data =  34900  Train Acc = 0.7049  Loss = 1.7604  Time = 21.52
2025-06-14 19:53:12	[ 50]  Valid data =  29680  Valid Acc = 0.4394
2025-06-14 19:53:31	[ 51]  Train data =  34900  Train Acc = 0.6920  Loss = 1.7689  Time = 19.68
2025-06-14 19:53:39	[ 51]  Valid data =  29680  Valid Acc = 0.4758
2025-06-14 19:54:02	[ 52]  Train data =  34900  Train Acc = 0.6887  Loss = 1.7724  Time = 22.63
2025-06-14 19:54:09	[ 52]  Valid data =  29680  Valid Acc = 0.3980
2025-06-14 19:54:32	[ 53]  Train data =  34900  Train Acc = 0.7043  Loss = 1.7533  Time = 22.53
2025-06-14 19:54:38	[ 53]  Valid data =  29680  Valid Acc = 0.4291
2025-06-14 19:55:01	[ 54]  Train data =  34900  Train Acc = 0.6985  Loss = 1.7583  Time = 23.11
2025-06-14 19:55:06	[ 54]  Valid data =  29680  Valid Acc = 0.4768
2025-06-14 19:55:29	[ 55]  Train data =  34900  Train Acc = 0.7089  Loss = 1.7461  Time = 22.88
2025-06-14 19:55:35	[ 55]  Valid data =  29680  Valid Acc = 0.4689
2025-06-14 19:56:00	[ 56]  Train data =  34900  Train Acc = 0.7080  Loss = 1.7454  Time = 24.66
2025-06-14 19:56:06	[ 56]  Valid data =  29680  Valid Acc = 0.4683
2025-06-14 19:56:31	[ 57]  Train data =  34900  Train Acc = 0.7177  Loss = 1.7355  Time = 25.49
2025-06-14 19:56:37	[ 57]  Valid data =  29680  Valid Acc = 0.4910
2025-06-14 19:57:02	[ 58]  Train data =  34900  Train Acc = 0.7079  Loss = 1.7417  Time = 24.07
2025-06-14 19:57:06	[ 58]  Valid data =  29680  Valid Acc = 0.4529
2025-06-14 19:57:31	[ 59]  Train data =  34900  Train Acc = 0.7174  Loss = 1.7329  Time = 24.52
2025-06-14 19:57:37	[ 59]  Valid data =  29680  Valid Acc = 0.4333
2025-06-14 19:58:01	[ 60]  Train data =  34900  Train Acc = 0.7190  Loss = 1.7283  Time = 24.41
2025-06-14 19:58:06	[ 60]  Valid data =  29680  Valid Acc = 0.4596
2025-06-14 19:58:31	[ 61]  Train data =  34900  Train Acc = 0.7232  Loss = 1.7240  Time = 25.22
2025-06-14 19:58:37	[ 61]  Valid data =  29680  Valid Acc = 0.4570
2025-06-14 19:59:01	[ 62]  Train data =  34900  Train Acc = 0.7219  Loss = 1.7244  Time = 23.61
2025-06-14 19:59:06	[ 62]  Valid data =  29680  Valid Acc = 0.4839
2025-06-14 19:59:30	[ 63]  Train data =  34900  Train Acc = 0.7200  Loss = 1.7244  Time = 23.79
2025-06-14 19:59:35	[ 63]  Valid data =  29680  Valid Acc = 0.4613
2025-06-14 20:00:01	[ 64]  Train data =  34900  Train Acc = 0.7297  Loss = 1.7119  Time = 26.09
2025-06-14 20:00:07	[ 64]  Valid data =  29680  Valid Acc = 0.4773
2025-06-14 20:00:29	[ 65]  Train data =  34900  Train Acc = 0.7339  Loss = 1.7072  Time = 21.92
2025-06-14 20:00:35	[ 65]  Valid data =  29680  Valid Acc = 0.4455
2025-06-14 20:00:57	[ 66]  Train data =  34900  Train Acc = 0.7166  Loss = 1.7186  Time = 22.33
2025-06-14 20:01:03	[ 66]  Valid data =  29680  Valid Acc = 0.5064
2025-06-14 20:01:27	[ 67]  Train data =  34900  Train Acc = 0.7251  Loss = 1.7102  Time = 23.25
2025-06-14 20:01:34	[ 67]  Valid data =  29680  Valid Acc = 0.4655
2025-06-14 20:01:59	[ 68]  Train data =  34900  Train Acc = 0.7210  Loss = 1.7106  Time = 24.45
2025-06-14 20:02:05	[ 68]  Valid data =  29680  Valid Acc = 0.4775
2025-06-14 20:02:27	[ 69]  Train data =  34900  Train Acc = 0.7450  Loss = 1.6850  Time = 21.54
2025-06-14 20:02:35	[ 69]  Valid data =  29680  Valid Acc = 0.4608
2025-06-14 20:02:57	[ 70]  Train data =  34900  Train Acc = 0.7446  Loss = 1.6832  Time = 22.34
2025-06-14 20:03:05	[ 70]  Valid data =  29680  Valid Acc = 0.4688
2025-06-14 20:03:29	[ 71]  Train data =  34900  Train Acc = 0.7384  Loss = 1.6853  Time = 24.81
2025-06-14 20:03:36	[ 71]  Valid data =  29680  Valid Acc = 0.4650
2025-06-14 20:03:59	[ 72]  Train data =  34900  Train Acc = 0.7420  Loss = 1.6812  Time = 22.95
2025-06-14 20:04:06	[ 72]  Valid data =  29680  Valid Acc = 0.4902
2025-06-14 20:04:26	[ 73]  Train data =  34900  Train Acc = 0.7361  Loss = 1.6855  Time = 19.75
2025-06-14 20:04:34	[ 73]  Valid data =  29680  Valid Acc = 0.4618
2025-06-14 20:04:57	[ 74]  Train data =  34900  Train Acc = 0.7487  Loss = 1.6676  Time = 23.37
2025-06-14 20:05:05	[ 74]  Valid data =  29680  Valid Acc = 0.4945
2025-06-14 20:05:28	[ 75]  Train data =  34900  Train Acc = 0.7316  Loss = 1.6842  Time = 22.94
2025-06-14 20:05:35	[ 75]  Valid data =  29680  Valid Acc = 0.5082
2025-06-14 20:05:58	[ 76]  Train data =  34900  Train Acc = 0.7480  Loss = 1.6635  Time = 22.93
2025-06-14 20:06:03	[ 76]  Valid data =  29680  Valid Acc = 0.4366
2025-06-14 20:06:26	[ 77]  Train data =  34900  Train Acc = 0.7423  Loss = 1.6651  Time = 22.02
2025-06-14 20:06:31	[ 77]  Valid data =  29680  Valid Acc = 0.4767
2025-06-14 20:06:55	[ 78]  Train data =  34900  Train Acc = 0.7538  Loss = 1.6522  Time = 24.14
2025-06-14 20:07:01	[ 78]  Valid data =  29680  Valid Acc = 0.5161
2025-06-14 20:07:22	[ 79]  Train data =  34900  Train Acc = 0.7491  Loss = 1.6547  Time = 21.26
2025-06-14 20:07:28	[ 79]  Valid data =  29680  Valid Acc = 0.4822
2025-06-14 20:07:51	[ 80]  Train data =  34900  Train Acc = 0.7444  Loss = 1.6542  Time = 22.88
2025-06-14 20:07:56	[ 80]  Valid data =  29680  Valid Acc = 0.4812
2025-06-14 20:08:19	[ 81]  Train data =  34900  Train Acc = 0.7454  Loss = 1.6530  Time = 23.06
2025-06-14 20:08:25	[ 81]  Valid data =  29680  Valid Acc = 0.4865
2025-06-14 20:08:47	[ 82]  Train data =  34900  Train Acc = 0.7558  Loss = 1.6396  Time = 22.06
2025-06-14 20:08:53	[ 82]  Valid data =  29680  Valid Acc = 0.4790
2025-06-14 20:09:17	[ 83]  Train data =  34900  Train Acc = 0.7531  Loss = 1.6344  Time = 23.24
2025-06-14 20:09:23	[ 83]  Valid data =  29680  Valid Acc = 0.4623
2025-06-14 20:09:44	[ 84]  Train data =  34900  Train Acc = 0.7612  Loss = 1.6261  Time = 21.40
2025-06-14 20:09:50	[ 84]  Valid data =  29680  Valid Acc = 0.4793
2025-06-14 20:10:14	[ 85]  Train data =  34900  Train Acc = 0.7506  Loss = 1.6363  Time = 23.54
2025-06-14 20:10:20	[ 85]  Valid data =  29680  Valid Acc = 0.4036
2025-06-14 20:10:43	[ 86]  Train data =  34900  Train Acc = 0.7536  Loss = 1.6304  Time = 23.33
2025-06-14 20:10:49	[ 86]  Valid data =  29680  Valid Acc = 0.4801
2025-06-14 20:11:10	[ 87]  Train data =  34900  Train Acc = 0.7574  Loss = 1.6209  Time = 20.97
2025-06-14 20:11:17	[ 87]  Valid data =  29680  Valid Acc = 0.4747
2025-06-14 20:11:39	[ 88]  Train data =  34900  Train Acc = 0.7572  Loss = 1.6180  Time = 21.73
2025-06-14 20:11:47	[ 88]  Valid data =  29680  Valid Acc = 0.4895
2025-06-14 20:12:10	[ 89]  Train data =  34900  Train Acc = 0.7346  Loss = 1.6364  Time = 22.85
2025-06-14 20:12:17	[ 89]  Valid data =  29680  Valid Acc = 0.4950
2025-06-14 20:12:38	[ 90]  Train data =  34900  Train Acc = 0.7670  Loss = 1.5962  Time = 20.81
2025-06-14 20:12:46	[ 90]  Valid data =  29680  Valid Acc = 0.5067
2025-06-14 20:13:08	[ 91]  Train data =  34900  Train Acc = 0.7632  Loss = 1.5978  Time = 22.60
2025-06-14 20:13:16	[ 91]  Valid data =  29680  Valid Acc = 0.4872
2025-06-14 20:13:38	[ 92]  Train data =  34900  Train Acc = 0.7617  Loss = 1.5945  Time = 22.71
2025-06-14 20:13:45	[ 92]  Valid data =  29680  Valid Acc = 0.4849
2025-06-14 20:14:08	[ 93]  Train data =  34900  Train Acc = 0.7809  Loss = 1.5705  Time = 23.22
2025-06-14 20:14:15	[ 93]  Valid data =  29680  Valid Acc = 0.4650
2025-06-14 20:14:37	[ 94]  Train data =  34900  Train Acc = 0.7775  Loss = 1.5705  Time = 22.20
2025-06-14 20:14:42	[ 94]  Valid data =  29680  Valid Acc = 0.4891
2025-06-14 20:15:04	[ 95]  Train data =  34900  Train Acc = 0.7677  Loss = 1.5754  Time = 22.13
2025-06-14 20:15:10	[ 95]  Valid data =  29680  Valid Acc = 0.5150
2025-06-14 20:15:32	[ 96]  Train data =  34900  Train Acc = 0.7755  Loss = 1.5650  Time = 21.60
2025-06-14 20:15:37	[ 96]  Valid data =  29680  Valid Acc = 0.4504
2025-06-14 20:16:00	[ 97]  Train data =  34900  Train Acc = 0.7718  Loss = 1.5669  Time = 23.11
2025-06-14 20:16:06	[ 97]  Valid data =  29680  Valid Acc = 0.4745
2025-06-14 20:16:29	[ 98]  Train data =  34900  Train Acc = 0.7787  Loss = 1.5513  Time = 22.51
2025-06-14 20:16:34	[ 98]  Valid data =  29680  Valid Acc = 0.4966
2025-06-14 20:16:58	[ 99]  Train data =  34900  Train Acc = 0.7703  Loss = 1.5570  Time = 23.62
2025-06-14 20:17:04	[ 99]  Valid data =  29680  Valid Acc = 0.4652
2025-06-14 20:17:28	[100]  Train data =  34900  Train Acc = 0.7787  Loss = 1.5440  Time = 24.16
2025-06-14 20:17:34	[100]  Valid data =  29680  Valid Acc = 0.4929
2025-06-14 20:17:57	[101]  Train data =  34900  Train Acc = 0.7785  Loss = 1.5383  Time = 22.69
2025-06-14 20:18:03	[101]  Valid data =  29680  Valid Acc = 0.4613
2025-06-14 20:18:24	[102]  Train data =  34900  Train Acc = 0.7836  Loss = 1.5297  Time = 21.77
2025-06-14 20:18:30	[102]  Valid data =  29680  Valid Acc = 0.4961
2025-06-14 20:18:53	[103]  Train data =  34900  Train Acc = 0.7764  Loss = 1.5325  Time = 22.56
2025-06-14 20:18:58	[103]  Valid data =  29680  Valid Acc = 0.5054
2025-06-14 20:19:21	[104]  Train data =  34900  Train Acc = 0.7874  Loss = 1.5115  Time = 22.65
2025-06-14 20:19:27	[104]  Valid data =  29680  Valid Acc = 0.5005
2025-06-14 20:19:51	[105]  Train data =  34900  Train Acc = 0.7818  Loss = 1.5179  Time = 23.21
2025-06-14 20:19:57	[105]  Valid data =  29680  Valid Acc = 0.5111
2025-06-14 20:20:18	[106]  Train data =  34900  Train Acc = 0.7876  Loss = 1.5023  Time = 20.85
2025-06-14 20:20:25	[106]  Valid data =  29680  Valid Acc = 0.5149
2025-06-14 20:20:47	[107]  Train data =  34900  Train Acc = 0.7919  Loss = 1.4936  Time = 21.45
2025-06-14 20:20:55	[107]  Valid data =  29680  Valid Acc = 0.5095
2025-06-14 20:21:17	[108]  Train data =  34900  Train Acc = 0.7824  Loss = 1.5003  Time = 22.67
2025-06-14 20:21:25	[108]  Valid data =  29680  Valid Acc = 0.5202
2025-06-14 20:21:46	[109]  Train data =  34900  Train Acc = 0.7853  Loss = 1.4933  Time = 20.93
2025-06-14 20:21:54	[109]  Valid data =  29680  Valid Acc = 0.4888
2025-06-14 20:22:15	[110]  Train data =  34900  Train Acc = 0.7703  Loss = 1.5033  Time = 21.09
2025-06-14 20:22:22	[110]  Valid data =  29680  Valid Acc = 0.4341
2025-06-14 20:22:44	[111]  Train data =  34900  Train Acc = 0.7871  Loss = 1.4765  Time = 22.13
2025-06-14 20:22:49	[111]  Valid data =  29680  Valid Acc = 0.4779
2025-06-14 20:23:12	[112]  Train data =  34900  Train Acc = 0.7869  Loss = 1.4756  Time = 23.10
2025-06-14 20:23:18	[112]  Valid data =  29680  Valid Acc = 0.4921
2025-06-14 20:23:42	[113]  Train data =  34900  Train Acc = 0.7859  Loss = 1.4712  Time = 23.77
2025-06-14 20:23:47	[113]  Valid data =  29680  Valid Acc = 0.5017
2025-06-14 20:24:10	[114]  Train data =  34900  Train Acc = 0.7885  Loss = 1.4613  Time = 22.94
2025-06-14 20:24:15	[114]  Valid data =  29680  Valid Acc = 0.4999
2025-06-14 20:24:40	[115]  Train data =  34900  Train Acc = 0.7972  Loss = 1.4442  Time = 24.61
2025-06-14 20:24:45	[115]  Valid data =  29680  Valid Acc = 0.5213
2025-06-14 20:25:09	[116]  Train data =  34900  Train Acc = 0.7991  Loss = 1.4362  Time = 23.52
2025-06-14 20:25:15	[116]  Valid data =  29680  Valid Acc = 0.5338
2025-06-14 20:25:37	[117]  Train data =  34900  Train Acc = 0.7890  Loss = 1.4428  Time = 21.95
2025-06-14 20:25:42	[117]  Valid data =  29680  Valid Acc = 0.5280
2025-06-14 20:26:04	[118]  Train data =  34900  Train Acc = 0.7947  Loss = 1.4326  Time = 21.47
2025-06-14 20:26:09	[118]  Valid data =  29680  Valid Acc = 0.5318
2025-06-14 20:26:33	[119]  Train data =  34900  Train Acc = 0.8076  Loss = 1.4137  Time = 23.82
2025-06-14 20:26:38	[119]  Valid data =  29680  Valid Acc = 0.5401
2025-06-14 20:27:02	[120]  Train data =  34900  Train Acc = 0.7942  Loss = 1.4200  Time = 23.25
2025-06-14 20:27:08	[120]  Valid data =  29680  Valid Acc = 0.5033
2025-06-14 20:27:31	[121]  Train data =  34900  Train Acc = 0.7995  Loss = 1.4113  Time = 23.05
2025-06-14 20:27:38	[121]  Valid data =  29680  Valid Acc = 0.5203
2025-06-14 20:28:02	[122]  Train data =  34900  Train Acc = 0.8022  Loss = 1.3994  Time = 23.65
2025-06-14 20:28:10	[122]  Valid data =  29680  Valid Acc = 0.5080
2025-06-14 20:28:32	[123]  Train data =  34900  Train Acc = 0.8003  Loss = 1.3972  Time = 21.69
2025-06-14 20:28:39	[123]  Valid data =  29680  Valid Acc = 0.5327
2025-06-14 20:29:00	[124]  Train data =  34900  Train Acc = 0.7953  Loss = 1.3962  Time = 20.27
2025-06-14 20:29:06	[124]  Valid data =  29680  Valid Acc = 0.5298
2025-06-14 20:29:29	[125]  Train data =  34900  Train Acc = 0.8089  Loss = 1.3771  Time = 22.50
2025-06-14 20:29:34	[125]  Valid data =  29680  Valid Acc = 0.5312
2025-06-14 20:29:58	[126]  Train data =  34900  Train Acc = 0.8081  Loss = 1.3709  Time = 23.96
2025-06-14 20:30:04	[126]  Valid data =  29680  Valid Acc = 0.5018
2025-06-14 20:30:29	[127]  Train data =  34900  Train Acc = 0.8125  Loss = 1.3597  Time = 24.45
2025-06-14 20:30:34	[127]  Valid data =  29680  Valid Acc = 0.5347
2025-06-14 20:30:58	[128]  Train data =  34900  Train Acc = 0.8265  Loss = 1.3413  Time = 23.97
2025-06-14 20:31:04	[128]  Valid data =  29680  Valid Acc = 0.5402
2025-06-14 20:31:27	[129]  Train data =  34900  Train Acc = 0.7963  Loss = 1.3674  Time = 22.57
2025-06-14 20:31:32	[129]  Valid data =  29680  Valid Acc = 0.5193
2025-06-14 20:31:56	[130]  Train data =  34900  Train Acc = 0.8056  Loss = 1.3514  Time = 23.87
2025-06-14 20:32:02	[130]  Valid data =  29680  Valid Acc = 0.5237
2025-06-14 20:32:25	[131]  Train data =  34900  Train Acc = 0.8110  Loss = 1.3387  Time = 23.47
2025-06-14 20:32:32	[131]  Valid data =  29680  Valid Acc = 0.5281
2025-06-14 20:32:55	[132]  Train data =  34900  Train Acc = 0.8087  Loss = 1.3325  Time = 23.42
2025-06-14 20:33:01	[132]  Valid data =  29680  Valid Acc = 0.5239
2025-06-14 20:33:25	[133]  Train data =  34900  Train Acc = 0.8094  Loss = 1.3283  Time = 23.93
2025-06-14 20:33:32	[133]  Valid data =  29680  Valid Acc = 0.5231
2025-06-14 20:33:55	[134]  Train data =  34900  Train Acc = 0.8126  Loss = 1.3199  Time = 23.32
2025-06-14 20:34:00	[134]  Valid data =  29680  Valid Acc = 0.5241
2025-06-14 20:34:22	[135]  Train data =  34900  Train Acc = 0.8175  Loss = 1.3037  Time = 22.05
2025-06-14 20:34:28	[135]  Valid data =  29680  Valid Acc = 0.5421
2025-06-14 20:34:51	[136]  Train data =  34900  Train Acc = 0.8140  Loss = 1.3021  Time = 23.69
2025-06-14 20:34:57	[136]  Valid data =  29680  Valid Acc = 0.5384
2025-06-14 20:35:17	[137]  Train data =  34900  Train Acc = 0.8110  Loss = 1.3026  Time = 19.58
2025-06-14 20:35:25	[137]  Valid data =  29680  Valid Acc = 0.4971
2025-06-14 20:35:48	[138]  Train data =  34900  Train Acc = 0.8173  Loss = 1.2889  Time = 23.18
2025-06-14 20:35:56	[138]  Valid data =  29680  Valid Acc = 0.5460
2025-06-14 20:36:16	[139]  Train data =  34900  Train Acc = 0.8228  Loss = 1.2757  Time = 20.76
2025-06-14 20:36:24	[139]  Valid data =  29680  Valid Acc = 0.4727
2025-06-14 20:36:47	[140]  Train data =  34900  Train Acc = 0.8222  Loss = 1.2709  Time = 22.77
2025-06-14 20:36:54	[140]  Valid data =  29680  Valid Acc = 0.5251
2025-06-14 20:37:18	[141]  Train data =  34900  Train Acc = 0.8254  Loss = 1.2578  Time = 23.35
2025-06-14 20:37:26	[141]  Valid data =  29680  Valid Acc = 0.4614
2025-06-14 20:37:45	[142]  Train data =  34900  Train Acc = 0.8129  Loss = 1.2674  Time = 19.69
2025-06-14 20:37:51	[142]  Valid data =  29680  Valid Acc = 0.5126
2025-06-14 20:38:15	[143]  Train data =  34900  Train Acc = 0.8219  Loss = 1.2522  Time = 23.86
2025-06-14 20:38:20	[143]  Valid data =  29680  Valid Acc = 0.4985
2025-06-14 20:38:43	[144]  Train data =  34900  Train Acc = 0.8259  Loss = 1.2431  Time = 23.11
2025-06-14 20:38:49	[144]  Valid data =  29680  Valid Acc = 0.5335
2025-06-14 20:39:12	[145]  Train data =  34900  Train Acc = 0.8272  Loss = 1.2332  Time = 22.40
2025-06-14 20:39:18	[145]  Valid data =  29680  Valid Acc = 0.5556
2025-06-14 20:39:41	[146]  Train data =  34900  Train Acc = 0.8192  Loss = 1.2368  Time = 23.35
2025-06-14 20:39:46	[146]  Valid data =  29680  Valid Acc = 0.5484
2025-06-14 20:40:09	[147]  Train data =  34900  Train Acc = 0.8220  Loss = 1.2293  Time = 22.13
2025-06-14 20:40:14	[147]  Valid data =  29680  Valid Acc = 0.5510
2025-06-14 20:40:36	[148]  Train data =  34900  Train Acc = 0.8253  Loss = 1.2159  Time = 21.77
2025-06-14 20:40:42	[148]  Valid data =  29680  Valid Acc = 0.4876
2025-06-14 20:41:05	[149]  Train data =  34900  Train Acc = 0.8331  Loss = 1.2033  Time = 23.47
2025-06-14 20:41:11	[149]  Valid data =  29680  Valid Acc = 0.5432
2025-06-14 20:41:34	[150]  Train data =  34900  Train Acc = 0.8424  Loss = 1.1868  Time = 22.70
2025-06-14 20:41:40	[150]  Valid data =  29680  Valid Acc = 0.5349
2025-06-14 20:42:03	[151]  Train data =  34900  Train Acc = 0.8327  Loss = 1.1921  Time = 22.93
2025-06-14 20:42:08	[151]  Valid data =  29680  Valid Acc = 0.5484
2025-06-14 20:42:30	[152]  Train data =  34900  Train Acc = 0.8293  Loss = 1.1893  Time = 21.47
2025-06-14 20:42:37	[152]  Valid data =  29680  Valid Acc = 0.5465
2025-06-14 20:43:00	[153]  Train data =  34900  Train Acc = 0.8291  Loss = 1.1841  Time = 22.94
2025-06-14 20:43:08	[153]  Valid data =  29680  Valid Acc = 0.5409
2025-06-14 20:43:30	[154]  Train data =  34900  Train Acc = 0.8372  Loss = 1.1693  Time = 21.76
2025-06-14 20:43:37	[154]  Valid data =  29680  Valid Acc = 0.5143
2025-06-14 20:44:00	[155]  Train data =  34900  Train Acc = 0.8438  Loss = 1.1546  Time = 22.51
2025-06-14 20:44:08	[155]  Valid data =  29680  Valid Acc = 0.5540
2025-06-14 20:44:30	[156]  Train data =  34900  Train Acc = 0.8346  Loss = 1.1577  Time = 21.99
2025-06-14 20:44:37	[156]  Valid data =  29680  Valid Acc = 0.5519
2025-06-14 20:45:00	[157]  Train data =  34900  Train Acc = 0.8272  Loss = 1.1623  Time = 22.32
2025-06-14 20:45:06	[157]  Valid data =  29680  Valid Acc = 0.5604
2025-06-14 20:45:29	[158]  Train data =  34900  Train Acc = 0.8401  Loss = 1.1390  Time = 22.83
2025-06-14 20:45:35	[158]  Valid data =  29680  Valid Acc = 0.5163
2025-06-14 20:45:58	[159]  Train data =  34900  Train Acc = 0.8345  Loss = 1.1401  Time = 23.75
2025-06-14 20:46:04	[159]  Valid data =  29680  Valid Acc = 0.5298
2025-06-14 20:46:27	[160]  Train data =  34900  Train Acc = 0.8284  Loss = 1.1423  Time = 23.61
2025-06-14 20:46:33	[160]  Valid data =  29680  Valid Acc = 0.5173
2025-06-14 20:46:55	[161]  Train data =  34900  Train Acc = 0.8286  Loss = 1.1368  Time = 22.24
2025-06-14 20:47:00	[161]  Valid data =  29680  Valid Acc = 0.5592
2025-06-14 20:47:22	[162]  Train data =  34900  Train Acc = 0.8426  Loss = 1.1117  Time = 22.47
2025-06-14 20:47:28	[162]  Valid data =  29680  Valid Acc = 0.5625
2025-06-14 20:47:50	[163]  Train data =  34900  Train Acc = 0.8338  Loss = 1.1196  Time = 22.08
2025-06-14 20:47:56	[163]  Valid data =  29680  Valid Acc = 0.5126
2025-06-14 20:48:20	[164]  Train data =  34900  Train Acc = 0.8442  Loss = 1.1026  Time = 23.30
2025-06-14 20:48:25	[164]  Valid data =  29680  Valid Acc = 0.5393
2025-06-14 20:48:47	[165]  Train data =  34900  Train Acc = 0.8392  Loss = 1.1011  Time = 21.35
2025-06-14 20:48:53	[165]  Valid data =  29680  Valid Acc = 0.5640
2025-06-14 20:49:14	[166]  Train data =  34900  Train Acc = 0.8461  Loss = 1.0864  Time = 21.12
2025-06-14 20:49:20	[166]  Valid data =  29680  Valid Acc = 0.5483
2025-06-14 20:49:43	[167]  Train data =  34900  Train Acc = 0.8341  Loss = 1.0939  Time = 22.86
2025-06-14 20:49:50	[167]  Valid data =  29680  Valid Acc = 0.5680
2025-06-14 20:50:12	[168]  Train data =  34900  Train Acc = 0.8524  Loss = 1.0686  Time = 21.88
2025-06-14 20:50:20	[168]  Valid data =  29680  Valid Acc = 0.5580
2025-06-14 20:50:42	[169]  Train data =  34900  Train Acc = 0.8380  Loss = 1.0790  Time = 22.18
2025-06-14 20:50:49	[169]  Valid data =  29680  Valid Acc = 0.5555
2025-06-14 20:51:11	[170]  Train data =  34900  Train Acc = 0.8592  Loss = 1.0419  Time = 21.55
2025-06-14 20:51:16	[170]  Valid data =  29680  Valid Acc = 0.5227
2025-06-14 20:51:39	[171]  Train data =  34900  Train Acc = 0.8535  Loss = 1.0456  Time = 22.87
2025-06-14 20:51:44	[171]  Valid data =  29680  Valid Acc = 0.5699
2025-06-14 20:52:08	[172]  Train data =  34900  Train Acc = 0.8386  Loss = 1.0629  Time = 23.54
2025-06-14 20:52:13	[172]  Valid data =  29680  Valid Acc = 0.5692
2025-06-14 20:52:36	[173]  Train data =  34900  Train Acc = 0.8441  Loss = 1.0489  Time = 23.17
2025-06-14 20:52:42	[173]  Valid data =  29680  Valid Acc = 0.5665
2025-06-14 20:53:05	[174]  Train data =  34900  Train Acc = 0.8453  Loss = 1.0401  Time = 23.27
2025-06-14 20:53:11	[174]  Valid data =  29680  Valid Acc = 0.5527
2025-06-14 20:53:34	[175]  Train data =  34900  Train Acc = 0.8427  Loss = 1.0399  Time = 22.97
2025-06-14 20:53:39	[175]  Valid data =  29680  Valid Acc = 0.5667
2025-06-14 20:54:01	[176]  Train data =  34900  Train Acc = 0.8491  Loss = 1.0215  Time = 22.02
2025-06-14 20:54:06	[176]  Valid data =  29680  Valid Acc = 0.5518
2025-06-14 20:54:29	[177]  Train data =  34900  Train Acc = 0.8653  Loss = 0.9954  Time = 22.56
2025-06-14 20:54:34	[177]  Valid data =  29680  Valid Acc = 0.5548
2025-06-14 20:54:58	[178]  Train data =  34900  Train Acc = 0.8556  Loss = 1.0037  Time = 23.95
2025-06-14 20:55:03	[178]  Valid data =  29680  Valid Acc = 0.5690
2025-06-14 20:55:27	[179]  Train data =  34900  Train Acc = 0.8536  Loss = 1.0027  Time = 23.45
2025-06-14 20:55:32	[179]  Valid data =  29680  Valid Acc = 0.5684
2025-06-14 20:55:56	[180]  Train data =  34900  Train Acc = 0.8475  Loss = 1.0031  Time = 23.91
2025-06-14 20:56:01	[180]  Valid data =  29680  Valid Acc = 0.5713
2025-06-14 20:56:24	[181]  Train data =  34900  Train Acc = 0.8520  Loss = 0.9939  Time = 22.65
2025-06-14 20:56:30	[181]  Valid data =  29680  Valid Acc = 0.5716
2025-06-14 20:56:52	[182]  Train data =  34900  Train Acc = 0.8573  Loss = 0.9803  Time = 22.32
2025-06-14 20:56:58	[182]  Valid data =  29680  Valid Acc = 0.5766
2025-06-14 20:57:22	[183]  Train data =  34900  Train Acc = 0.8561  Loss = 0.9787  Time = 23.82
2025-06-14 20:57:28	[183]  Valid data =  29680  Valid Acc = 0.5714
2025-06-14 20:57:51	[184]  Train data =  34900  Train Acc = 0.8582  Loss = 0.9651  Time = 23.42
2025-06-14 20:57:57	[184]  Valid data =  29680  Valid Acc = 0.5680
2025-06-14 20:58:20	[185]  Train data =  34900  Train Acc = 0.8568  Loss = 0.9654  Time = 23.03
2025-06-14 20:58:26	[185]  Valid data =  29680  Valid Acc = 0.5720
2025-06-14 20:58:49	[186]  Train data =  34900  Train Acc = 0.8646  Loss = 0.9481  Time = 23.72
2025-06-14 20:58:55	[186]  Valid data =  29680  Valid Acc = 0.5633
2025-06-14 20:59:18	[187]  Train data =  34900  Train Acc = 0.8518  Loss = 0.9672  Time = 23.16
2025-06-14 20:59:24	[187]  Valid data =  29680  Valid Acc = 0.5685
2025-06-14 20:59:45	[188]  Train data =  34900  Train Acc = 0.8558  Loss = 0.9505  Time = 21.13
2025-06-14 20:59:51	[188]  Valid data =  29680  Valid Acc = 0.5679
2025-06-14 21:00:10	[189]  Train data =  34900  Train Acc = 0.8638  Loss = 0.9333  Time = 19.25
2025-06-14 21:00:16	[189]  Valid data =  29680  Valid Acc = 0.5667
2025-06-14 21:00:39	[190]  Train data =  34900  Train Acc = 0.8522  Loss = 0.9444  Time = 23.74
2025-06-14 21:00:45	[190]  Valid data =  29680  Valid Acc = 0.5758
2025-06-14 21:01:08	[191]  Train data =  34900  Train Acc = 0.8569  Loss = 0.9343  Time = 22.96
2025-06-14 21:01:14	[191]  Valid data =  29680  Valid Acc = 0.5696
2025-06-14 21:01:37	[192]  Train data =  34900  Train Acc = 0.8558  Loss = 0.9327  Time = 23.06
2025-06-14 21:01:43	[192]  Valid data =  29680  Valid Acc = 0.5714
2025-06-14 21:02:07	[193]  Train data =  34900  Train Acc = 0.8627  Loss = 0.9154  Time = 23.79
2025-06-14 21:02:12	[193]  Valid data =  29680  Valid Acc = 0.5727
2025-06-14 21:02:36	[194]  Train data =  34900  Train Acc = 0.8619  Loss = 0.9085  Time = 23.56
2025-06-14 21:02:41	[194]  Valid data =  29680  Valid Acc = 0.5688
2025-06-14 21:03:05	[195]  Train data =  34900  Train Acc = 0.8617  Loss = 0.9074  Time = 23.44
2025-06-14 21:03:10	[195]  Valid data =  29680  Valid Acc = 0.5684
2025-06-14 21:03:33	[196]  Train data =  34900  Train Acc = 0.8607  Loss = 0.9037  Time = 22.88
2025-06-14 21:03:39	[196]  Valid data =  29680  Valid Acc = 0.5724
2025-06-14 21:04:02	[197]  Train data =  34900  Train Acc = 0.8628  Loss = 0.8938  Time = 23.36
2025-06-14 21:04:09	[197]  Valid data =  29680  Valid Acc = 0.5720
2025-06-14 21:04:32	[198]  Train data =  34900  Train Acc = 0.8640  Loss = 0.8903  Time = 22.99
2025-06-14 21:04:39	[198]  Valid data =  29680  Valid Acc = 0.5749
2025-06-14 21:05:01	[199]  Train data =  34900  Train Acc = 0.8701  Loss = 0.8751  Time = 21.53
2025-06-14 21:05:09	[199]  Valid data =  29680  Valid Acc = 0.5731
2025-06-14 21:05:31	[200]  Train data =  34900  Train Acc = 0.8577  Loss = 0.8924  Time = 21.99
2025-06-14 21:05:37	[200]  Valid data =  29680  Valid Acc = 0.5729
2025-06-14 21:05:37	Best Valid Acc = 0.5766
2025-06-14 21:05:37	Total Training Time: 5757.76
2025-06-14 21:05:50	Best Valid Acc = 0.5766 and Final Test Acc = 0.5766
