2025-06-14 19:30:50	[  1]  Train data =  34900  Train Acc = 0.2713  Loss = 2.2302  Time = 25.10
2025-06-14 19:30:55	[  1]  Valid data =  29680  Valid Acc = 0.2978
2025-06-14 19:31:17	[  2]  Train data =  34900  Train Acc = 0.3527  Loss = 2.1499  Time = 21.98
2025-06-14 19:31:22	[  2]  Valid data =  29680  Valid Acc = 0.3106
2025-06-14 19:31:43	[  3]  Train data =  34900  Train Acc = 0.3948  Loss = 2.0857  Time = 21.18
2025-06-14 19:31:49	[  3]  Valid data =  29680  Valid Acc = 0.3561
2025-06-14 19:32:13	[  4]  Train data =  34900  Train Acc = 0.4238  Loss = 2.0371  Time = 24.15
2025-06-14 19:32:18	[  4]  Valid data =  29680  Valid Acc = 0.3806
2025-06-14 19:32:41	[  5]  Train data =  34900  Train Acc = 0.4376  Loss = 2.0090  Time = 22.97
2025-06-14 19:32:46	[  5]  Valid data =  29680  Valid Acc = 0.4007
2025-06-14 19:33:09	[  6]  Train data =  34900  Train Acc = 0.4627  Loss = 1.9769  Time = 22.96
2025-06-14 19:33:14	[  6]  Valid data =  29680  Valid Acc = 0.4161
2025-06-14 19:33:35	[  7]  Train data =  34900  Train Acc = 0.4781  Loss = 1.9545  Time = 21.00
2025-06-14 19:33:41	[  7]  Valid data =  29680  Valid Acc = 0.4277
2025-06-14 19:34:04	[  8]  Train data =  34900  Train Acc = 0.4871  Loss = 1.9351  Time = 23.05
2025-06-14 19:34:10	[  8]  Valid data =  29680  Valid Acc = 0.4335
2025-06-14 19:34:30	[  9]  Train data =  34900  Train Acc = 0.4886  Loss = 1.9310  Time = 20.42
2025-06-14 19:34:36	[  9]  Valid data =  29680  Valid Acc = 0.4255
2025-06-14 19:34:58	[ 10]  Train data =  34900  Train Acc = 0.5122  Loss = 1.8978  Time = 21.93
2025-06-14 19:35:03	[ 10]  Valid data =  29680  Valid Acc = 0.4109
2025-06-14 19:35:25	[ 11]  Train data =  34900  Train Acc = 0.5226  Loss = 1.8823  Time = 22.36
2025-06-14 19:35:30	[ 11]  Valid data =  29680  Valid Acc = 0.4722
2025-06-14 19:35:53	[ 12]  Train data =  34900  Train Acc = 0.5316  Loss = 1.8668  Time = 22.83
2025-06-14 19:35:58	[ 12]  Valid data =  29680  Valid Acc = 0.4242
2025-06-14 19:36:21	[ 13]  Train data =  34900  Train Acc = 0.5316  Loss = 1.8595  Time = 23.48
2025-06-14 19:36:26	[ 13]  Valid data =  29680  Valid Acc = 0.4368
2025-06-14 19:36:49	[ 14]  Train data =  34900  Train Acc = 0.5501  Loss = 1.8366  Time = 22.80
2025-06-14 19:36:55	[ 14]  Valid data =  29680  Valid Acc = 0.4426
2025-06-14 19:37:17	[ 15]  Train data =  34900  Train Acc = 0.5471  Loss = 1.8352  Time = 22.13
2025-06-14 19:37:22	[ 15]  Valid data =  29680  Valid Acc = 0.4504
2025-06-14 19:37:45	[ 16]  Train data =  34900  Train Acc = 0.5683  Loss = 1.8062  Time = 22.94
2025-06-14 19:37:50	[ 16]  Valid data =  29680  Valid Acc = 0.4484
2025-06-14 19:38:13	[ 17]  Train data =  34900  Train Acc = 0.5734  Loss = 1.7938  Time = 23.16
2025-06-14 19:38:18	[ 17]  Valid data =  29680  Valid Acc = 0.4258
2025-06-14 19:38:41	[ 18]  Train data =  34900  Train Acc = 0.5761  Loss = 1.7895  Time = 23.19
2025-06-14 19:38:47	[ 18]  Valid data =  29680  Valid Acc = 0.4826
2025-06-14 19:39:10	[ 19]  Train data =  34900  Train Acc = 0.5806  Loss = 1.7787  Time = 22.94
2025-06-14 19:39:15	[ 19]  Valid data =  29680  Valid Acc = 0.4654
2025-06-14 19:39:36	[ 20]  Train data =  34900  Train Acc = 0.5976  Loss = 1.7478  Time = 21.16
2025-06-14 19:39:41	[ 20]  Valid data =  29680  Valid Acc = 0.4126
2025-06-14 19:40:04	[ 21]  Train data =  34900  Train Acc = 0.6022  Loss = 1.7399  Time = 22.98
2025-06-14 19:40:10	[ 21]  Valid data =  29680  Valid Acc = 0.4692
2025-06-14 19:40:33	[ 22]  Train data =  34900  Train Acc = 0.5987  Loss = 1.7424  Time = 22.85
2025-06-14 19:40:38	[ 22]  Valid data =  29680  Valid Acc = 0.4720
2025-06-14 19:40:58	[ 23]  Train data =  34900  Train Acc = 0.6022  Loss = 1.7296  Time = 20.26
2025-06-14 19:41:04	[ 23]  Valid data =  29680  Valid Acc = 0.4806
2025-06-14 19:41:28	[ 24]  Train data =  34900  Train Acc = 0.6129  Loss = 1.7108  Time = 23.34
2025-06-14 19:41:33	[ 24]  Valid data =  29680  Valid Acc = 0.4404
2025-06-14 19:41:56	[ 25]  Train data =  34900  Train Acc = 0.6139  Loss = 1.7069  Time = 22.45
2025-06-14 19:42:01	[ 25]  Valid data =  29680  Valid Acc = 0.4718
2025-06-14 19:42:24	[ 26]  Train data =  34900  Train Acc = 0.6123  Loss = 1.7030  Time = 22.36
2025-06-14 19:42:29	[ 26]  Valid data =  29680  Valid Acc = 0.4679
2025-06-14 19:42:52	[ 27]  Train data =  34900  Train Acc = 0.6280  Loss = 1.6775  Time = 22.99
2025-06-14 19:42:58	[ 27]  Valid data =  29680  Valid Acc = 0.4534
2025-06-14 19:43:20	[ 28]  Train data =  34900  Train Acc = 0.6375  Loss = 1.6578  Time = 22.81
2025-06-14 19:43:26	[ 28]  Valid data =  29680  Valid Acc = 0.4877
2025-06-14 19:43:49	[ 29]  Train data =  34900  Train Acc = 0.6297  Loss = 1.6638  Time = 22.98
2025-06-14 19:43:54	[ 29]  Valid data =  29680  Valid Acc = 0.4354
2025-06-14 19:44:16	[ 30]  Train data =  34900  Train Acc = 0.6342  Loss = 1.6525  Time = 22.36
2025-06-14 19:44:22	[ 30]  Valid data =  29680  Valid Acc = 0.4707
2025-06-14 19:44:43	[ 31]  Train data =  34900  Train Acc = 0.6508  Loss = 1.6214  Time = 21.42
2025-06-14 19:44:49	[ 31]  Valid data =  29680  Valid Acc = 0.4750
2025-06-14 19:45:11	[ 32]  Train data =  34900  Train Acc = 0.6515  Loss = 1.6193  Time = 21.66
2025-06-14 19:45:16	[ 32]  Valid data =  29680  Valid Acc = 0.4490
2025-06-14 19:45:38	[ 33]  Train data =  34900  Train Acc = 0.6583  Loss = 1.6052  Time = 22.06
2025-06-14 19:45:43	[ 33]  Valid data =  29680  Valid Acc = 0.4588
2025-06-14 19:46:04	[ 34]  Train data =  34900  Train Acc = 0.6552  Loss = 1.6038  Time = 21.11
2025-06-14 19:46:10	[ 34]  Valid data =  29680  Valid Acc = 0.4368
2025-06-14 19:46:33	[ 35]  Train data =  34900  Train Acc = 0.6644  Loss = 1.5844  Time = 22.93
2025-06-14 19:46:38	[ 35]  Valid data =  29680  Valid Acc = 0.4798
2025-06-14 19:46:59	[ 36]  Train data =  34900  Train Acc = 0.6602  Loss = 1.5805  Time = 20.74
2025-06-14 19:47:04	[ 36]  Valid data =  29680  Valid Acc = 0.4655
2025-06-14 19:47:26	[ 37]  Train data =  34900  Train Acc = 0.6601  Loss = 1.5732  Time = 21.56
2025-06-14 19:47:31	[ 37]  Valid data =  29680  Valid Acc = 0.4862
2025-06-14 19:47:53	[ 38]  Train data =  34900  Train Acc = 0.6669  Loss = 1.5603  Time = 22.20
2025-06-14 19:47:59	[ 38]  Valid data =  29680  Valid Acc = 0.4620
2025-06-14 19:48:21	[ 39]  Train data =  34900  Train Acc = 0.6649  Loss = 1.5563  Time = 22.46
2025-06-14 19:48:27	[ 39]  Valid data =  29680  Valid Acc = 0.4481
2025-06-14 19:48:50	[ 40]  Train data =  34900  Train Acc = 0.6721  Loss = 1.5461  Time = 23.02
2025-06-14 19:48:55	[ 40]  Valid data =  29680  Valid Acc = 0.4743
2025-06-14 19:49:18	[ 41]  Train data =  34900  Train Acc = 0.6844  Loss = 1.5110  Time = 22.91
2025-06-14 19:49:23	[ 41]  Valid data =  29680  Valid Acc = 0.4949
2025-06-14 19:49:46	[ 42]  Train data =  34900  Train Acc = 0.6924  Loss = 1.4940  Time = 22.85
2025-06-14 19:49:52	[ 42]  Valid data =  29680  Valid Acc = 0.4832
2025-06-14 19:50:14	[ 43]  Train data =  34900  Train Acc = 0.6745  Loss = 1.5141  Time = 21.98
2025-06-14 19:50:19	[ 43]  Valid data =  29680  Valid Acc = 0.4705
2025-06-14 19:50:40	[ 44]  Train data =  34900  Train Acc = 0.6735  Loss = 1.5103  Time = 21.23
2025-06-14 19:50:46	[ 44]  Valid data =  29680  Valid Acc = 0.4843
2025-06-14 19:51:06	[ 45]  Train data =  34900  Train Acc = 0.6850  Loss = 1.4843  Time = 20.42
2025-06-14 19:51:12	[ 45]  Valid data =  29680  Valid Acc = 0.4690
2025-06-14 19:51:33	[ 46]  Train data =  34900  Train Acc = 0.6841  Loss = 1.4784  Time = 21.28
2025-06-14 19:51:38	[ 46]  Valid data =  29680  Valid Acc = 0.4859
2025-06-14 19:52:01	[ 47]  Train data =  34900  Train Acc = 0.6895  Loss = 1.4607  Time = 23.14
2025-06-14 19:52:07	[ 47]  Valid data =  29680  Valid Acc = 0.5120
2025-06-14 19:52:28	[ 48]  Train data =  34900  Train Acc = 0.6812  Loss = 1.4694  Time = 21.39
2025-06-14 19:52:33	[ 48]  Valid data =  29680  Valid Acc = 0.4477
2025-06-14 19:52:56	[ 49]  Train data =  34900  Train Acc = 0.6932  Loss = 1.4411  Time = 22.97
2025-06-14 19:53:01	[ 49]  Valid data =  29680  Valid Acc = 0.4684
2025-06-14 19:53:23	[ 50]  Train data =  34900  Train Acc = 0.6928  Loss = 1.4368  Time = 21.29
2025-06-14 19:53:28	[ 50]  Valid data =  29680  Valid Acc = 0.4551
2025-06-14 19:53:49	[ 51]  Train data =  34900  Train Acc = 0.6859  Loss = 1.4387  Time = 21.33
2025-06-14 19:53:55	[ 51]  Valid data =  29680  Valid Acc = 0.4476
2025-06-14 19:54:17	[ 52]  Train data =  34900  Train Acc = 0.6777  Loss = 1.4434  Time = 22.08
2025-06-14 19:54:22	[ 52]  Valid data =  29680  Valid Acc = 0.4633
2025-06-14 19:54:44	[ 53]  Train data =  34900  Train Acc = 0.6949  Loss = 1.4024  Time = 21.52
2025-06-14 19:54:49	[ 53]  Valid data =  29680  Valid Acc = 0.4507
2025-06-14 19:55:09	[ 54]  Train data =  34900  Train Acc = 0.6901  Loss = 1.4045  Time = 20.14
2025-06-14 19:55:15	[ 54]  Valid data =  29680  Valid Acc = 0.4465
2025-06-14 19:55:36	[ 55]  Train data =  34900  Train Acc = 0.7018  Loss = 1.3776  Time = 20.67
2025-06-14 19:55:41	[ 55]  Valid data =  29680  Valid Acc = 0.4515
2025-06-14 19:56:02	[ 56]  Train data =  34900  Train Acc = 0.7016  Loss = 1.3690  Time = 20.42
2025-06-14 19:56:08	[ 56]  Valid data =  29680  Valid Acc = 0.4927
2025-06-14 19:56:30	[ 57]  Train data =  34900  Train Acc = 0.7093  Loss = 1.3487  Time = 22.34
2025-06-14 19:56:36	[ 57]  Valid data =  29680  Valid Acc = 0.4618
2025-06-14 19:56:57	[ 58]  Train data =  34900  Train Acc = 0.7022  Loss = 1.3514  Time = 21.22
2025-06-14 19:57:03	[ 58]  Valid data =  29680  Valid Acc = 0.4872
2025-06-14 19:57:26	[ 59]  Train data =  34900  Train Acc = 0.7043  Loss = 1.3357  Time = 23.70
2025-06-14 19:57:32	[ 59]  Valid data =  29680  Valid Acc = 0.4428
2025-06-14 19:57:55	[ 60]  Train data =  34900  Train Acc = 0.7080  Loss = 1.3237  Time = 22.51
2025-06-14 19:58:00	[ 60]  Valid data =  29680  Valid Acc = 0.5065
2025-06-14 19:58:23	[ 61]  Train data =  34900  Train Acc = 0.7125  Loss = 1.3038  Time = 22.97
2025-06-14 19:58:29	[ 61]  Valid data =  29680  Valid Acc = 0.4733
2025-06-14 19:58:48	[ 62]  Train data =  34900  Train Acc = 0.7160  Loss = 1.3002  Time = 19.09
2025-06-14 19:58:54	[ 62]  Valid data =  29680  Valid Acc = 0.4944
2025-06-14 19:59:18	[ 63]  Train data =  34900  Train Acc = 0.7095  Loss = 1.2950  Time = 23.90
2025-06-14 19:59:23	[ 63]  Valid data =  29680  Valid Acc = 0.4204
2025-06-14 19:59:43	[ 64]  Train data =  34900  Train Acc = 0.7200  Loss = 1.2678  Time = 19.47
2025-06-14 19:59:48	[ 64]  Valid data =  29680  Valid Acc = 0.4786
2025-06-14 20:00:11	[ 65]  Train data =  34900  Train Acc = 0.7225  Loss = 1.2568  Time = 22.59
2025-06-14 20:00:16	[ 65]  Valid data =  29680  Valid Acc = 0.4682
2025-06-14 20:00:38	[ 66]  Train data =  34900  Train Acc = 0.7082  Loss = 1.2673  Time = 21.67
2025-06-14 20:00:43	[ 66]  Valid data =  29680  Valid Acc = 0.5008
2025-06-14 20:01:06	[ 67]  Train data =  34900  Train Acc = 0.7188  Loss = 1.2468  Time = 22.23
2025-06-14 20:01:11	[ 67]  Valid data =  29680  Valid Acc = 0.4821
2025-06-14 20:01:33	[ 68]  Train data =  34900  Train Acc = 0.7175  Loss = 1.2416  Time = 22.32
2025-06-14 20:01:38	[ 68]  Valid data =  29680  Valid Acc = 0.5017
2025-06-14 20:02:01	[ 69]  Train data =  34900  Train Acc = 0.7331  Loss = 1.1980  Time = 22.54
2025-06-14 20:02:06	[ 69]  Valid data =  29680  Valid Acc = 0.4864
2025-06-14 20:02:29	[ 70]  Train data =  34900  Train Acc = 0.7359  Loss = 1.1886  Time = 22.41
2025-06-14 20:02:34	[ 70]  Valid data =  29680  Valid Acc = 0.5003
2025-06-14 20:02:56	[ 71]  Train data =  34900  Train Acc = 0.7314  Loss = 1.1886  Time = 21.92
2025-06-14 20:03:01	[ 71]  Valid data =  29680  Valid Acc = 0.4762
2025-06-14 20:03:23	[ 72]  Train data =  34900  Train Acc = 0.7294  Loss = 1.1779  Time = 21.40
2025-06-14 20:03:28	[ 72]  Valid data =  29680  Valid Acc = 0.4777
2025-06-14 20:03:51	[ 73]  Train data =  34900  Train Acc = 0.7247  Loss = 1.1794  Time = 23.20
2025-06-14 20:03:57	[ 73]  Valid data =  29680  Valid Acc = 0.4638
2025-06-14 20:04:19	[ 74]  Train data =  34900  Train Acc = 0.7412  Loss = 1.1433  Time = 21.85
2025-06-14 20:04:24	[ 74]  Valid data =  29680  Valid Acc = 0.4464
2025-06-14 20:04:45	[ 75]  Train data =  34900  Train Acc = 0.7256  Loss = 1.1650  Time = 21.24
2025-06-14 20:04:51	[ 75]  Valid data =  29680  Valid Acc = 0.4738
2025-06-14 20:05:12	[ 76]  Train data =  34900  Train Acc = 0.7392  Loss = 1.1306  Time = 21.89
2025-06-14 20:05:18	[ 76]  Valid data =  29680  Valid Acc = 0.4841
2025-06-14 20:05:40	[ 77]  Train data =  34900  Train Acc = 0.7360  Loss = 1.1286  Time = 22.48
2025-06-14 20:05:46	[ 77]  Valid data =  29680  Valid Acc = 0.4939
2025-06-14 20:06:07	[ 78]  Train data =  34900  Train Acc = 0.7449  Loss = 1.1052  Time = 20.66
2025-06-14 20:06:12	[ 78]  Valid data =  29680  Valid Acc = 0.5031
2025-06-14 20:06:33	[ 79]  Train data =  34900  Train Acc = 0.7412  Loss = 1.1054  Time = 21.27
2025-06-14 20:06:38	[ 79]  Valid data =  29680  Valid Acc = 0.4820
2025-06-14 20:07:01	[ 80]  Train data =  34900  Train Acc = 0.7413  Loss = 1.0959  Time = 22.27
2025-06-14 20:07:06	[ 80]  Valid data =  29680  Valid Acc = 0.4355
2025-06-14 20:07:28	[ 81]  Train data =  34900  Train Acc = 0.7377  Loss = 1.0947  Time = 22.10
2025-06-14 20:07:34	[ 81]  Valid data =  29680  Valid Acc = 0.4798
2025-06-14 20:07:56	[ 82]  Train data =  34900  Train Acc = 0.7441  Loss = 1.0723  Time = 22.19
2025-06-14 20:08:01	[ 82]  Valid data =  29680  Valid Acc = 0.4851
2025-06-14 20:08:21	[ 83]  Train data =  34900  Train Acc = 0.7474  Loss = 1.0583  Time = 19.80
2025-06-14 20:08:26	[ 83]  Valid data =  29680  Valid Acc = 0.4546
2025-06-14 20:08:47	[ 84]  Train data =  34900  Train Acc = 0.7519  Loss = 1.0409  Time = 20.95
2025-06-14 20:08:52	[ 84]  Valid data =  29680  Valid Acc = 0.4980
2025-06-14 20:09:13	[ 85]  Train data =  34900  Train Acc = 0.7400  Loss = 1.0571  Time = 20.84
2025-06-14 20:09:18	[ 85]  Valid data =  29680  Valid Acc = 0.4648
2025-06-14 20:09:41	[ 86]  Train data =  34900  Train Acc = 0.7449  Loss = 1.0404  Time = 22.99
2025-06-14 20:09:47	[ 86]  Valid data =  29680  Valid Acc = 0.4329
2025-06-14 20:10:09	[ 87]  Train data =  34900  Train Acc = 0.7481  Loss = 1.0296  Time = 22.02
2025-06-14 20:10:14	[ 87]  Valid data =  29680  Valid Acc = 0.4298
2025-06-14 20:10:35	[ 88]  Train data =  34900  Train Acc = 0.7473  Loss = 1.0215  Time = 21.38
2025-06-14 20:10:41	[ 88]  Valid data =  29680  Valid Acc = 0.5159
2025-06-14 20:11:02	[ 89]  Train data =  34900  Train Acc = 0.7257  Loss = 1.0610  Time = 21.52
2025-06-14 20:11:08	[ 89]  Valid data =  29680  Valid Acc = 0.4854
2025-06-14 20:11:30	[ 90]  Train data =  34900  Train Acc = 0.7627  Loss = 0.9776  Time = 22.66
2025-06-14 20:11:36	[ 90]  Valid data =  29680  Valid Acc = 0.4953
2025-06-14 20:11:59	[ 91]  Train data =  34900  Train Acc = 0.7584  Loss = 0.9798  Time = 22.86
2025-06-14 20:12:04	[ 91]  Valid data =  29680  Valid Acc = 0.4122
2025-06-14 20:12:26	[ 92]  Train data =  34900  Train Acc = 0.7556  Loss = 0.9801  Time = 21.50
2025-06-14 20:12:31	[ 92]  Valid data =  29680  Valid Acc = 0.5214
2025-06-14 20:12:53	[ 93]  Train data =  34900  Train Acc = 0.7727  Loss = 0.9333  Time = 21.38
2025-06-14 20:12:58	[ 93]  Valid data =  29680  Valid Acc = 0.5209
2025-06-14 20:13:21	[ 94]  Train data =  34900  Train Acc = 0.7678  Loss = 0.9354  Time = 22.55
2025-06-14 20:13:27	[ 94]  Valid data =  29680  Valid Acc = 0.4766
2025-06-14 20:13:48	[ 95]  Train data =  34900  Train Acc = 0.7607  Loss = 0.9456  Time = 21.28
2025-06-14 20:13:53	[ 95]  Valid data =  29680  Valid Acc = 0.4621
2025-06-14 20:14:14	[ 96]  Train data =  34900  Train Acc = 0.7688  Loss = 0.9269  Time = 21.12
2025-06-14 20:14:20	[ 96]  Valid data =  29680  Valid Acc = 0.5119
2025-06-14 20:14:42	[ 97]  Train data =  34900  Train Acc = 0.7670  Loss = 0.9243  Time = 22.39
2025-06-14 20:14:47	[ 97]  Valid data =  29680  Valid Acc = 0.5104
2025-06-14 20:15:07	[ 98]  Train data =  34900  Train Acc = 0.7751  Loss = 0.8976  Time = 19.87
2025-06-14 20:15:13	[ 98]  Valid data =  29680  Valid Acc = 0.4917
2025-06-14 20:15:34	[ 99]  Train data =  34900  Train Acc = 0.7662  Loss = 0.9135  Time = 21.79
2025-06-14 20:15:40	[ 99]  Valid data =  29680  Valid Acc = 0.5153
2025-06-14 20:16:01	[100]  Train data =  34900  Train Acc = 0.7732  Loss = 0.8931  Time = 21.31
2025-06-14 20:16:07	[100]  Valid data =  29680  Valid Acc = 0.5252
2025-06-14 20:16:29	[101]  Train data =  34900  Train Acc = 0.7726  Loss = 0.8880  Time = 21.97
2025-06-14 20:16:34	[101]  Valid data =  29680  Valid Acc = 0.5006
2025-06-14 20:16:56	[102]  Train data =  34900  Train Acc = 0.7801  Loss = 0.8697  Time = 21.78
2025-06-14 20:17:02	[102]  Valid data =  29680  Valid Acc = 0.4790
2025-06-14 20:17:23	[103]  Train data =  34900  Train Acc = 0.7724  Loss = 0.8804  Time = 21.12
2025-06-14 20:17:29	[103]  Valid data =  29680  Valid Acc = 0.5314
2025-06-14 20:17:45	[104]  Train data =  34900  Train Acc = 0.7856  Loss = 0.8421  Time = 16.48
2025-06-14 20:17:50	[104]  Valid data =  29680  Valid Acc = 0.4860
2025-06-14 20:18:12	[105]  Train data =  34900  Train Acc = 0.7731  Loss = 0.8618  Time = 21.73
2025-06-14 20:18:18	[105]  Valid data =  29680  Valid Acc = 0.5257
2025-06-14 20:18:38	[106]  Train data =  34900  Train Acc = 0.7851  Loss = 0.8307  Time = 20.56
2025-06-14 20:18:43	[106]  Valid data =  29680  Valid Acc = 0.4975
2025-06-14 20:19:04	[107]  Train data =  34900  Train Acc = 0.7881  Loss = 0.8208  Time = 20.61
2025-06-14 20:19:09	[107]  Valid data =  29680  Valid Acc = 0.5113
2025-06-14 20:19:30	[108]  Train data =  34900  Train Acc = 0.7780  Loss = 0.8388  Time = 21.22
2025-06-14 20:19:36	[108]  Valid data =  29680  Valid Acc = 0.5131
2025-06-14 20:19:57	[109]  Train data =  34900  Train Acc = 0.7812  Loss = 0.8280  Time = 21.22
2025-06-14 20:20:02	[109]  Valid data =  29680  Valid Acc = 0.5244
2025-06-14 20:20:23	[110]  Train data =  34900  Train Acc = 0.7687  Loss = 0.8523  Time = 20.86
2025-06-14 20:20:29	[110]  Valid data =  29680  Valid Acc = 0.4650
2025-06-14 20:20:50	[111]  Train data =  34900  Train Acc = 0.7850  Loss = 0.8050  Time = 21.15
2025-06-14 20:20:55	[111]  Valid data =  29680  Valid Acc = 0.5121
2025-06-14 20:21:16	[112]  Train data =  34900  Train Acc = 0.7784  Loss = 0.8149  Time = 21.18
2025-06-14 20:21:22	[112]  Valid data =  29680  Valid Acc = 0.4829
2025-06-14 20:21:39	[113]  Train data =  34900  Train Acc = 0.7826  Loss = 0.8092  Time = 17.00
2025-06-14 20:21:44	[113]  Valid data =  29680  Valid Acc = 0.5351
2025-06-14 20:22:04	[114]  Train data =  34900  Train Acc = 0.7860  Loss = 0.7945  Time = 20.09
2025-06-14 20:22:10	[114]  Valid data =  29680  Valid Acc = 0.4947
2025-06-14 20:22:32	[115]  Train data =  34900  Train Acc = 0.7984  Loss = 0.7634  Time = 22.60
2025-06-14 20:22:38	[115]  Valid data =  29680  Valid Acc = 0.5093
2025-06-14 20:23:01	[116]  Train data =  34900  Train Acc = 0.7971  Loss = 0.7534  Time = 23.63
2025-06-14 20:23:07	[116]  Valid data =  29680  Valid Acc = 0.5323
2025-06-14 20:23:31	[117]  Train data =  34900  Train Acc = 0.7854  Loss = 0.7749  Time = 23.61
2025-06-14 20:23:36	[117]  Valid data =  29680  Valid Acc = 0.5018
2025-06-14 20:23:58	[118]  Train data =  34900  Train Acc = 0.7928  Loss = 0.7624  Time = 21.53
2025-06-14 20:24:02	[118]  Valid data =  29680  Valid Acc = 0.5153
2025-06-14 20:24:24	[119]  Train data =  34900  Train Acc = 0.8047  Loss = 0.7330  Time = 22.36
2025-06-14 20:24:29	[119]  Valid data =  29680  Valid Acc = 0.4973
2025-06-14 20:24:49	[120]  Train data =  34900  Train Acc = 0.7957  Loss = 0.7472  Time = 19.69
2025-06-14 20:24:55	[120]  Valid data =  29680  Valid Acc = 0.4812
2025-06-14 20:25:18	[121]  Train data =  34900  Train Acc = 0.7967  Loss = 0.7381  Time = 22.95
2025-06-14 20:25:23	[121]  Valid data =  29680  Valid Acc = 0.5385
2025-06-14 20:25:45	[122]  Train data =  34900  Train Acc = 0.7984  Loss = 0.7237  Time = 22.55
2025-06-14 20:25:50	[122]  Valid data =  29680  Valid Acc = 0.5289
2025-06-14 20:26:13	[123]  Train data =  34900  Train Acc = 0.7998  Loss = 0.7261  Time = 22.36
2025-06-14 20:26:18	[123]  Valid data =  29680  Valid Acc = 0.4852
2025-06-14 20:26:40	[124]  Train data =  34900  Train Acc = 0.7949  Loss = 0.7359  Time = 22.62
2025-06-14 20:26:46	[124]  Valid data =  29680  Valid Acc = 0.5210
2025-06-14 20:27:08	[125]  Train data =  34900  Train Acc = 0.8058  Loss = 0.7062  Time = 22.78
2025-06-14 20:27:14	[125]  Valid data =  29680  Valid Acc = 0.5249
2025-06-14 20:27:36	[126]  Train data =  34900  Train Acc = 0.8061  Loss = 0.6988  Time = 21.91
2025-06-14 20:27:41	[126]  Valid data =  29680  Valid Acc = 0.5160
2025-06-14 20:28:04	[127]  Train data =  34900  Train Acc = 0.8120  Loss = 0.6843  Time = 22.42
2025-06-14 20:28:09	[127]  Valid data =  29680  Valid Acc = 0.5263
2025-06-14 20:28:32	[128]  Train data =  34900  Train Acc = 0.8183  Loss = 0.6596  Time = 22.90
2025-06-14 20:28:37	[128]  Valid data =  29680  Valid Acc = 0.5332
2025-06-14 20:28:59	[129]  Train data =  34900  Train Acc = 0.7966  Loss = 0.7122  Time = 21.24
2025-06-14 20:29:04	[129]  Valid data =  29680  Valid Acc = 0.5193
2025-06-14 20:29:28	[130]  Train data =  34900  Train Acc = 0.8066  Loss = 0.6932  Time = 23.62
2025-06-14 20:29:33	[130]  Valid data =  29680  Valid Acc = 0.5346
2025-06-14 20:29:53	[131]  Train data =  34900  Train Acc = 0.8100  Loss = 0.6760  Time = 19.22
2025-06-14 20:29:58	[131]  Valid data =  29680  Valid Acc = 0.5249
2025-06-14 20:30:18	[132]  Train data =  34900  Train Acc = 0.8117  Loss = 0.6698  Time = 20.38
2025-06-14 20:30:24	[132]  Valid data =  29680  Valid Acc = 0.5315
2025-06-14 20:30:45	[133]  Train data =  34900  Train Acc = 0.8092  Loss = 0.6728  Time = 20.61
2025-06-14 20:30:50	[133]  Valid data =  29680  Valid Acc = 0.5305
2025-06-14 20:31:11	[134]  Train data =  34900  Train Acc = 0.8118  Loss = 0.6604  Time = 20.93
2025-06-14 20:31:16	[134]  Valid data =  29680  Valid Acc = 0.5275
2025-06-14 20:31:38	[135]  Train data =  34900  Train Acc = 0.8148  Loss = 0.6447  Time = 21.67
2025-06-14 20:31:43	[135]  Valid data =  29680  Valid Acc = 0.5257
2025-06-14 20:32:06	[136]  Train data =  34900  Train Acc = 0.8150  Loss = 0.6454  Time = 22.98
2025-06-14 20:32:11	[136]  Valid data =  29680  Valid Acc = 0.5233
2025-06-14 20:32:34	[137]  Train data =  34900  Train Acc = 0.8116  Loss = 0.6548  Time = 22.31
2025-06-14 20:32:39	[137]  Valid data =  29680  Valid Acc = 0.5261
2025-06-14 20:33:02	[138]  Train data =  34900  Train Acc = 0.8192  Loss = 0.6349  Time = 22.49
2025-06-14 20:33:07	[138]  Valid data =  29680  Valid Acc = 0.5190
2025-06-14 20:33:28	[139]  Train data =  34900  Train Acc = 0.8255  Loss = 0.6166  Time = 21.16
2025-06-14 20:33:34	[139]  Valid data =  29680  Valid Acc = 0.4866
2025-06-14 20:33:57	[140]  Train data =  34900  Train Acc = 0.8229  Loss = 0.6220  Time = 23.09
2025-06-14 20:34:03	[140]  Valid data =  29680  Valid Acc = 0.5047
2025-06-14 20:34:25	[141]  Train data =  34900  Train Acc = 0.8263  Loss = 0.6048  Time = 21.89
2025-06-14 20:34:31	[141]  Valid data =  29680  Valid Acc = 0.5379
2025-06-14 20:34:55	[142]  Train data =  34900  Train Acc = 0.8181  Loss = 0.6240  Time = 23.95
2025-06-14 20:35:01	[142]  Valid data =  29680  Valid Acc = 0.5325
2025-06-14 20:35:23	[143]  Train data =  34900  Train Acc = 0.8235  Loss = 0.6120  Time = 21.78
2025-06-14 20:35:29	[143]  Valid data =  29680  Valid Acc = 0.5357
2025-06-14 20:35:52	[144]  Train data =  34900  Train Acc = 0.8251  Loss = 0.6013  Time = 23.09
2025-06-14 20:35:57	[144]  Valid data =  29680  Valid Acc = 0.4972
2025-06-14 20:36:20	[145]  Train data =  34900  Train Acc = 0.8299  Loss = 0.5931  Time = 22.97
2025-06-14 20:36:26	[145]  Valid data =  29680  Valid Acc = 0.5357
2025-06-14 20:36:49	[146]  Train data =  34900  Train Acc = 0.8212  Loss = 0.6066  Time = 22.64
2025-06-14 20:36:54	[146]  Valid data =  29680  Valid Acc = 0.5325
2025-06-14 20:37:17	[147]  Train data =  34900  Train Acc = 0.8263  Loss = 0.6002  Time = 22.78
2025-06-14 20:37:23	[147]  Valid data =  29680  Valid Acc = 0.5456
2025-06-14 20:37:47	[148]  Train data =  34900  Train Acc = 0.8292  Loss = 0.5831  Time = 24.02
2025-06-14 20:37:52	[148]  Valid data =  29680  Valid Acc = 0.5354
2025-06-14 20:38:15	[149]  Train data =  34900  Train Acc = 0.8328  Loss = 0.5744  Time = 22.26
2025-06-14 20:38:20	[149]  Valid data =  29680  Valid Acc = 0.5280
2025-06-14 20:38:44	[150]  Train data =  34900  Train Acc = 0.8454  Loss = 0.5439  Time = 23.56
2025-06-14 20:38:50	[150]  Valid data =  29680  Valid Acc = 0.5466
2025-06-14 20:39:12	[151]  Train data =  34900  Train Acc = 0.8356  Loss = 0.5679  Time = 22.70
2025-06-14 20:39:18	[151]  Valid data =  29680  Valid Acc = 0.5384
2025-06-14 20:39:41	[152]  Train data =  34900  Train Acc = 0.8316  Loss = 0.5696  Time = 22.88
2025-06-14 20:39:46	[152]  Valid data =  29680  Valid Acc = 0.5451
2025-06-14 20:40:08	[153]  Train data =  34900  Train Acc = 0.8323  Loss = 0.5700  Time = 22.36
2025-06-14 20:40:14	[153]  Valid data =  29680  Valid Acc = 0.5341
2025-06-14 20:40:38	[154]  Train data =  34900  Train Acc = 0.8385  Loss = 0.5526  Time = 24.04
2025-06-14 20:40:44	[154]  Valid data =  29680  Valid Acc = 0.5438
2025-06-14 20:41:07	[155]  Train data =  34900  Train Acc = 0.8465  Loss = 0.5315  Time = 23.33
2025-06-14 20:41:13	[155]  Valid data =  29680  Valid Acc = 0.5327
2025-06-14 20:41:35	[156]  Train data =  34900  Train Acc = 0.8365  Loss = 0.5469  Time = 21.93
2025-06-14 20:41:41	[156]  Valid data =  29680  Valid Acc = 0.5381
2025-06-14 20:42:03	[157]  Train data =  34900  Train Acc = 0.8307  Loss = 0.5659  Time = 22.11
2025-06-14 20:42:09	[157]  Valid data =  29680  Valid Acc = 0.5312
2025-06-14 20:42:31	[158]  Train data =  34900  Train Acc = 0.8414  Loss = 0.5337  Time = 22.65
2025-06-14 20:42:37	[158]  Valid data =  29680  Valid Acc = 0.5497
2025-06-14 20:43:01	[159]  Train data =  34900  Train Acc = 0.8399  Loss = 0.5441  Time = 24.17
2025-06-14 20:43:07	[159]  Valid data =  29680  Valid Acc = 0.5391
2025-06-14 20:43:29	[160]  Train data =  34900  Train Acc = 0.8328  Loss = 0.5562  Time = 22.45
2025-06-14 20:43:35	[160]  Valid data =  29680  Valid Acc = 0.5397
2025-06-14 20:43:58	[161]  Train data =  34900  Train Acc = 0.8329  Loss = 0.5515  Time = 23.70
2025-06-14 20:44:04	[161]  Valid data =  29680  Valid Acc = 0.5553
2025-06-14 20:44:28	[162]  Train data =  34900  Train Acc = 0.8482  Loss = 0.5127  Time = 23.23
2025-06-14 20:44:33	[162]  Valid data =  29680  Valid Acc = 0.5447
2025-06-14 20:44:56	[163]  Train data =  34900  Train Acc = 0.8360  Loss = 0.5415  Time = 23.52
2025-06-14 20:45:02	[163]  Valid data =  29680  Valid Acc = 0.5339
2025-06-14 20:45:26	[164]  Train data =  34900  Train Acc = 0.8478  Loss = 0.5141  Time = 23.41
2025-06-14 20:45:32	[164]  Valid data =  29680  Valid Acc = 0.5510
2025-06-14 20:45:53	[165]  Train data =  34900  Train Acc = 0.8411  Loss = 0.5234  Time = 21.85
2025-06-14 20:45:59	[165]  Valid data =  29680  Valid Acc = 0.5421
2025-06-14 20:46:21	[166]  Train data =  34900  Train Acc = 0.8500  Loss = 0.5029  Time = 22.03
2025-06-14 20:46:26	[166]  Valid data =  29680  Valid Acc = 0.5424
2025-06-14 20:46:49	[167]  Train data =  34900  Train Acc = 0.8384  Loss = 0.5290  Time = 23.14
2025-06-14 20:46:55	[167]  Valid data =  29680  Valid Acc = 0.5528
2025-06-14 20:47:18	[168]  Train data =  34900  Train Acc = 0.8560  Loss = 0.4883  Time = 23.19
2025-06-14 20:47:24	[168]  Valid data =  29680  Valid Acc = 0.5483
2025-06-14 20:47:47	[169]  Train data =  34900  Train Acc = 0.8400  Loss = 0.5200  Time = 23.91
2025-06-14 20:47:53	[169]  Valid data =  29680  Valid Acc = 0.5482
2025-06-14 20:48:16	[170]  Train data =  34900  Train Acc = 0.8628  Loss = 0.4636  Time = 22.71
2025-06-14 20:48:21	[170]  Valid data =  29680  Valid Acc = 0.5477
2025-06-14 20:48:43	[171]  Train data =  34900  Train Acc = 0.8542  Loss = 0.4812  Time = 22.63
2025-06-14 20:48:49	[171]  Valid data =  29680  Valid Acc = 0.5396
2025-06-14 20:49:11	[172]  Train data =  34900  Train Acc = 0.8404  Loss = 0.5151  Time = 21.86
2025-06-14 20:49:16	[172]  Valid data =  29680  Valid Acc = 0.5538
2025-06-14 20:49:40	[173]  Train data =  34900  Train Acc = 0.8494  Loss = 0.4963  Time = 23.74
2025-06-14 20:49:46	[173]  Valid data =  29680  Valid Acc = 0.5522
2025-06-14 20:50:08	[174]  Train data =  34900  Train Acc = 0.8503  Loss = 0.4888  Time = 22.64
2025-06-14 20:50:14	[174]  Valid data =  29680  Valid Acc = 0.5514
2025-06-14 20:50:32	[175]  Train data =  34900  Train Acc = 0.8451  Loss = 0.5001  Time = 18.62
2025-06-14 20:50:38	[175]  Valid data =  29680  Valid Acc = 0.5500
2025-06-14 20:51:01	[176]  Train data =  34900  Train Acc = 0.8509  Loss = 0.4794  Time = 23.11
2025-06-14 20:51:06	[176]  Valid data =  29680  Valid Acc = 0.5520
2025-06-14 20:51:28	[177]  Train data =  34900  Train Acc = 0.8702  Loss = 0.4419  Time = 21.42
2025-06-14 20:51:33	[177]  Valid data =  29680  Valid Acc = 0.5478
2025-06-14 20:51:55	[178]  Train data =  34900  Train Acc = 0.8598  Loss = 0.4623  Time = 21.98
2025-06-14 20:52:00	[178]  Valid data =  29680  Valid Acc = 0.5510
2025-06-14 20:52:21	[179]  Train data =  34900  Train Acc = 0.8580  Loss = 0.4664  Time = 21.88
2025-06-14 20:52:26	[179]  Valid data =  29680  Valid Acc = 0.5579
2025-06-14 20:52:48	[180]  Train data =  34900  Train Acc = 0.8474  Loss = 0.4820  Time = 21.86
2025-06-14 20:52:54	[180]  Valid data =  29680  Valid Acc = 0.5586
2025-06-14 20:53:16	[181]  Train data =  34900  Train Acc = 0.8550  Loss = 0.4692  Time = 22.39
2025-06-14 20:53:21	[181]  Valid data =  29680  Valid Acc = 0.5566
2025-06-14 20:53:43	[182]  Train data =  34900  Train Acc = 0.8587  Loss = 0.4579  Time = 21.56
2025-06-14 20:53:47	[182]  Valid data =  29680  Valid Acc = 0.5597
2025-06-14 20:54:10	[183]  Train data =  34900  Train Acc = 0.8570  Loss = 0.4620  Time = 23.18
2025-06-14 20:54:15	[183]  Valid data =  29680  Valid Acc = 0.5506
2025-06-14 20:54:32	[184]  Train data =  34900  Train Acc = 0.8625  Loss = 0.4451  Time = 17.10
2025-06-14 20:54:37	[184]  Valid data =  29680  Valid Acc = 0.5565
2025-06-14 20:55:01	[185]  Train data =  34900  Train Acc = 0.8589  Loss = 0.4551  Time = 23.72
2025-06-14 20:55:06	[185]  Valid data =  29680  Valid Acc = 0.5606
2025-06-14 20:55:27	[186]  Train data =  34900  Train Acc = 0.8678  Loss = 0.4315  Time = 20.92
2025-06-14 20:55:32	[186]  Valid data =  29680  Valid Acc = 0.5587
2025-06-14 20:55:54	[187]  Train data =  34900  Train Acc = 0.8496  Loss = 0.4748  Time = 21.95
2025-06-14 20:55:59	[187]  Valid data =  29680  Valid Acc = 0.5575
2025-06-14 20:56:22	[188]  Train data =  34900  Train Acc = 0.8602  Loss = 0.4533  Time = 22.64
2025-06-14 20:56:27	[188]  Valid data =  29680  Valid Acc = 0.5584
2025-06-14 20:56:49	[189]  Train data =  34900  Train Acc = 0.8703  Loss = 0.4290  Time = 22.18
2025-06-14 20:56:55	[189]  Valid data =  29680  Valid Acc = 0.5589
2025-06-14 20:57:17	[190]  Train data =  34900  Train Acc = 0.8559  Loss = 0.4539  Time = 22.09
2025-06-14 20:57:22	[190]  Valid data =  29680  Valid Acc = 0.5604
2025-06-14 20:57:44	[191]  Train data =  34900  Train Acc = 0.8597  Loss = 0.4448  Time = 21.26
2025-06-14 20:57:48	[191]  Valid data =  29680  Valid Acc = 0.5556
2025-06-14 20:58:10	[192]  Train data =  34900  Train Acc = 0.8595  Loss = 0.4465  Time = 21.99
2025-06-14 20:58:15	[192]  Valid data =  29680  Valid Acc = 0.5606
2025-06-14 20:58:38	[193]  Train data =  34900  Train Acc = 0.8667  Loss = 0.4276  Time = 22.62
2025-06-14 20:58:43	[193]  Valid data =  29680  Valid Acc = 0.5547
2025-06-14 20:59:04	[194]  Train data =  34900  Train Acc = 0.8665  Loss = 0.4278  Time = 20.63
2025-06-14 20:59:09	[194]  Valid data =  29680  Valid Acc = 0.5568
2025-06-14 20:59:30	[195]  Train data =  34900  Train Acc = 0.8639  Loss = 0.4321  Time = 20.51
2025-06-14 20:59:34	[195]  Valid data =  29680  Valid Acc = 0.5585
2025-06-14 20:59:56	[196]  Train data =  34900  Train Acc = 0.8625  Loss = 0.4348  Time = 21.46
2025-06-14 21:00:01	[196]  Valid data =  29680  Valid Acc = 0.5575
2025-06-14 21:00:21	[197]  Train data =  34900  Train Acc = 0.8634  Loss = 0.4227  Time = 20.13
2025-06-14 21:00:26	[197]  Valid data =  29680  Valid Acc = 0.5541
2025-06-14 21:00:48	[198]  Train data =  34900  Train Acc = 0.8681  Loss = 0.4191  Time = 22.25
2025-06-14 21:00:53	[198]  Valid data =  29680  Valid Acc = 0.5573
2025-06-14 21:01:14	[199]  Train data =  34900  Train Acc = 0.8724  Loss = 0.4073  Time = 21.33
2025-06-14 21:01:20	[199]  Valid data =  29680  Valid Acc = 0.5588
2025-06-14 21:01:42	[200]  Train data =  34900  Train Acc = 0.8565  Loss = 0.4442  Time = 22.43
2025-06-14 21:01:47	[200]  Valid data =  29680  Valid Acc = 0.5576
2025-06-14 21:01:47	Best Valid Acc = 0.5606
2025-06-14 21:01:47	Total Training Time: 5482.40
2025-06-14 21:01:56	Best Valid Acc = 0.5606 and Final Test Acc = 0.5606
