2025-06-14 17:17:56	[  1]  Train data =  34900  Train Acc = 0.2790  Loss = 2.2281  Time = 28.47
2025-06-14 17:18:06	[  1]  Valid data =  29680  Valid Acc = 0.3084
2025-06-14 17:18:31	[  2]  Train data =  34900  Train Acc = 0.3575  Loss = 2.1621  Time = 24.96
2025-06-14 17:18:42	[  2]  Valid data =  29680  Valid Acc = 0.3580
2025-06-14 17:19:05	[  3]  Train data =  34900  Train Acc = 0.3948  Loss = 2.1166  Time = 23.62
2025-06-14 17:19:15	[  3]  Valid data =  29680  Valid Acc = 0.3718
2025-06-14 17:19:40	[  4]  Train data =  34900  Train Acc = 0.4274  Loss = 2.0771  Time = 24.92
2025-06-14 17:19:50	[  4]  Valid data =  29680  Valid Acc = 0.3826
2025-06-14 17:20:15	[  5]  Train data =  34900  Train Acc = 0.4385  Loss = 2.0542  Time = 24.22
2025-06-14 17:20:25	[  5]  Valid data =  29680  Valid Acc = 0.3688
2025-06-14 17:20:49	[  6]  Train data =  34900  Train Acc = 0.4586  Loss = 2.0296  Time = 24.64
2025-06-14 17:21:00	[  6]  Valid data =  29680  Valid Acc = 0.4015
2025-06-14 17:21:24	[  7]  Train data =  34900  Train Acc = 0.4718  Loss = 2.0145  Time = 24.42
2025-06-14 17:21:34	[  7]  Valid data =  29680  Valid Acc = 0.4429
2025-06-14 17:21:58	[  8]  Train data =  34900  Train Acc = 0.4821  Loss = 1.9983  Time = 23.88
2025-06-14 17:22:08	[  8]  Valid data =  29680  Valid Acc = 0.4499
2025-06-14 17:22:32	[  9]  Train data =  34900  Train Acc = 0.4841  Loss = 1.9938  Time = 24.24
2025-06-14 17:22:42	[  9]  Valid data =  29680  Valid Acc = 0.4263
2025-06-14 17:23:07	[ 10]  Train data =  34900  Train Acc = 0.5083  Loss = 1.9669  Time = 24.40
2025-06-14 17:23:17	[ 10]  Valid data =  29680  Valid Acc = 0.4241
2025-06-14 17:23:41	[ 11]  Train data =  34900  Train Acc = 0.5173  Loss = 1.9558  Time = 24.19
2025-06-14 17:23:51	[ 11]  Valid data =  29680  Valid Acc = 0.4397
2025-06-14 17:24:16	[ 12]  Train data =  34900  Train Acc = 0.5301  Loss = 1.9432  Time = 24.95
2025-06-14 17:24:26	[ 12]  Valid data =  29680  Valid Acc = 0.4372
2025-06-14 17:24:51	[ 13]  Train data =  34900  Train Acc = 0.5295  Loss = 1.9395  Time = 24.51
2025-06-14 17:25:01	[ 13]  Valid data =  29680  Valid Acc = 0.4365
2025-06-14 17:25:25	[ 14]  Train data =  34900  Train Acc = 0.5429  Loss = 1.9239  Time = 24.40
2025-06-14 17:25:36	[ 14]  Valid data =  29680  Valid Acc = 0.4455
2025-06-14 17:26:00	[ 15]  Train data =  34900  Train Acc = 0.5385  Loss = 1.9252  Time = 24.05
2025-06-14 17:26:10	[ 15]  Valid data =  29680  Valid Acc = 0.4393
2025-06-14 17:26:34	[ 16]  Train data =  34900  Train Acc = 0.5601  Loss = 1.9047  Time = 24.20
2025-06-14 17:26:44	[ 16]  Valid data =  29680  Valid Acc = 0.4649
2025-06-14 17:27:10	[ 17]  Train data =  34900  Train Acc = 0.5692  Loss = 1.8942  Time = 25.56
2025-06-14 17:27:20	[ 17]  Valid data =  29680  Valid Acc = 0.4287
2025-06-14 17:27:46	[ 18]  Train data =  34900  Train Acc = 0.5729  Loss = 1.8900  Time = 25.83
2025-06-14 17:27:56	[ 18]  Valid data =  29680  Valid Acc = 0.4884
2025-06-14 17:28:20	[ 19]  Train data =  34900  Train Acc = 0.5774  Loss = 1.8844  Time = 24.76
2025-06-14 17:28:30	[ 19]  Valid data =  29680  Valid Acc = 0.4559
2025-06-14 17:28:51	[ 20]  Train data =  34900  Train Acc = 0.5897  Loss = 1.8616  Time = 20.66
2025-06-14 17:29:00	[ 20]  Valid data =  29680  Valid Acc = 0.4659
2025-06-14 17:29:22	[ 21]  Train data =  34900  Train Acc = 0.5967  Loss = 1.8593  Time = 21.52
2025-06-14 17:29:31	[ 21]  Valid data =  29680  Valid Acc = 0.4388
2025-06-14 17:29:56	[ 22]  Train data =  34900  Train Acc = 0.5954  Loss = 1.8613  Time = 25.11
2025-06-14 17:30:06	[ 22]  Valid data =  29680  Valid Acc = 0.4593
2025-06-14 17:30:31	[ 23]  Train data =  34900  Train Acc = 0.6049  Loss = 1.8474  Time = 24.88
2025-06-14 17:30:41	[ 23]  Valid data =  29680  Valid Acc = 0.4406
2025-06-14 17:31:07	[ 24]  Train data =  34900  Train Acc = 0.6135  Loss = 1.8357  Time = 25.60
2025-06-14 17:31:16	[ 24]  Valid data =  29680  Valid Acc = 0.4327
2025-06-14 17:31:42	[ 25]  Train data =  34900  Train Acc = 0.6138  Loss = 1.8328  Time = 25.80
2025-06-14 17:31:52	[ 25]  Valid data =  29680  Valid Acc = 0.4855
2025-06-14 17:32:16	[ 26]  Train data =  34900  Train Acc = 0.6115  Loss = 1.8311  Time = 23.82
2025-06-14 17:32:25	[ 26]  Valid data =  29680  Valid Acc = 0.4267
2025-06-14 17:32:50	[ 27]  Train data =  34900  Train Acc = 0.6285  Loss = 1.8114  Time = 25.09
2025-06-14 17:33:00	[ 27]  Valid data =  29680  Valid Acc = 0.4236
2025-06-14 17:33:26	[ 28]  Train data =  34900  Train Acc = 0.6395  Loss = 1.7998  Time = 25.97
2025-06-14 17:33:36	[ 28]  Valid data =  29680  Valid Acc = 0.4532
2025-06-14 17:34:02	[ 29]  Train data =  34900  Train Acc = 0.6351  Loss = 1.8027  Time = 26.45
2025-06-14 17:34:12	[ 29]  Valid data =  29680  Valid Acc = 0.4626
2025-06-14 17:34:38	[ 30]  Train data =  34900  Train Acc = 0.6392  Loss = 1.7969  Time = 26.04
2025-06-14 17:34:48	[ 30]  Valid data =  29680  Valid Acc = 0.4837
2025-06-14 17:35:13	[ 31]  Train data =  34900  Train Acc = 0.6575  Loss = 1.7739  Time = 25.24
2025-06-14 17:35:23	[ 31]  Valid data =  29680  Valid Acc = 0.4648
2025-06-14 17:35:49	[ 32]  Train data =  34900  Train Acc = 0.6534  Loss = 1.7757  Time = 26.03
2025-06-14 17:35:59	[ 32]  Valid data =  29680  Valid Acc = 0.4767
2025-06-14 17:36:25	[ 33]  Train data =  34900  Train Acc = 0.6623  Loss = 1.7670  Time = 25.96
2025-06-14 17:36:35	[ 33]  Valid data =  29680  Valid Acc = 0.4655
2025-06-14 17:37:00	[ 34]  Train data =  34900  Train Acc = 0.6634  Loss = 1.7654  Time = 25.72
2025-06-14 17:37:10	[ 34]  Valid data =  29680  Valid Acc = 0.4545
2025-06-14 17:37:36	[ 35]  Train data =  34900  Train Acc = 0.6690  Loss = 1.7554  Time = 26.14
2025-06-14 17:37:46	[ 35]  Valid data =  29680  Valid Acc = 0.4607
2025-06-14 17:38:12	[ 36]  Train data =  34900  Train Acc = 0.6694  Loss = 1.7537  Time = 25.85
2025-06-14 17:38:21	[ 36]  Valid data =  29680  Valid Acc = 0.3901
2025-06-14 17:38:47	[ 37]  Train data =  34900  Train Acc = 0.6680  Loss = 1.7512  Time = 25.92
2025-06-14 17:38:57	[ 37]  Valid data =  29680  Valid Acc = 0.4766
2025-06-14 17:39:21	[ 38]  Train data =  34900  Train Acc = 0.6741  Loss = 1.7452  Time = 24.21
2025-06-14 17:39:31	[ 38]  Valid data =  29680  Valid Acc = 0.4654
2025-06-14 17:39:56	[ 39]  Train data =  34900  Train Acc = 0.6750  Loss = 1.7432  Time = 24.88
2025-06-14 17:40:06	[ 39]  Valid data =  29680  Valid Acc = 0.4830
2025-06-14 17:40:31	[ 40]  Train data =  34900  Train Acc = 0.6812  Loss = 1.7374  Time = 25.49
2025-06-14 17:40:41	[ 40]  Valid data =  29680  Valid Acc = 0.4327
2025-06-14 17:41:07	[ 41]  Train data =  34900  Train Acc = 0.6968  Loss = 1.7144  Time = 25.61
2025-06-14 17:41:17	[ 41]  Valid data =  29680  Valid Acc = 0.4923
2025-06-14 17:41:42	[ 42]  Train data =  34900  Train Acc = 0.6991  Loss = 1.7071  Time = 25.50
2025-06-14 17:41:52	[ 42]  Valid data =  29680  Valid Acc = 0.4348
2025-06-14 17:42:18	[ 43]  Train data =  34900  Train Acc = 0.6893  Loss = 1.7198  Time = 25.56
2025-06-14 17:42:28	[ 43]  Valid data =  29680  Valid Acc = 0.4583
2025-06-14 17:42:53	[ 44]  Train data =  34900  Train Acc = 0.6825  Loss = 1.7221  Time = 25.76
2025-06-14 17:43:03	[ 44]  Valid data =  29680  Valid Acc = 0.4468
2025-06-14 17:43:29	[ 45]  Train data =  34900  Train Acc = 0.6961  Loss = 1.7054  Time = 25.61
2025-06-14 17:43:39	[ 45]  Valid data =  29680  Valid Acc = 0.4596
2025-06-14 17:44:04	[ 46]  Train data =  34900  Train Acc = 0.6948  Loss = 1.7048  Time = 25.05
2025-06-14 17:44:13	[ 46]  Valid data =  29680  Valid Acc = 0.4540
2025-06-14 17:44:39	[ 47]  Train data =  34900  Train Acc = 0.6998  Loss = 1.6947  Time = 25.61
2025-06-14 17:44:49	[ 47]  Valid data =  29680  Valid Acc = 0.5019
2025-06-14 17:45:15	[ 48]  Train data =  34900  Train Acc = 0.6924  Loss = 1.7022  Time = 25.83
2025-06-14 17:45:25	[ 48]  Valid data =  29680  Valid Acc = 0.4882
2025-06-14 17:45:50	[ 49]  Train data =  34900  Train Acc = 0.7072  Loss = 1.6842  Time = 25.66
2025-06-14 17:46:00	[ 49]  Valid data =  29680  Valid Acc = 0.4638
2025-06-14 17:46:26	[ 50]  Train data =  34900  Train Acc = 0.7030  Loss = 1.6845  Time = 25.67
2025-06-14 17:46:36	[ 50]  Valid data =  29680  Valid Acc = 0.4907
2025-06-14 17:47:01	[ 51]  Train data =  34900  Train Acc = 0.6936  Loss = 1.6899  Time = 25.83
2025-06-14 17:47:11	[ 51]  Valid data =  29680  Valid Acc = 0.4741
2025-06-14 17:47:37	[ 52]  Train data =  34900  Train Acc = 0.6913  Loss = 1.6911  Time = 25.62
2025-06-14 17:47:47	[ 52]  Valid data =  29680  Valid Acc = 0.4796
2025-06-14 17:48:11	[ 53]  Train data =  34900  Train Acc = 0.7047  Loss = 1.6699  Time = 24.06
2025-06-14 17:48:20	[ 53]  Valid data =  29680  Valid Acc = 0.4691
2025-06-14 17:48:46	[ 54]  Train data =  34900  Train Acc = 0.6983  Loss = 1.6754  Time = 25.69
2025-06-14 17:48:55	[ 54]  Valid data =  29680  Valid Acc = 0.4690
2025-06-14 17:49:21	[ 55]  Train data =  34900  Train Acc = 0.7097  Loss = 1.6587  Time = 25.47
2025-06-14 17:49:31	[ 55]  Valid data =  29680  Valid Acc = 0.4547
2025-06-14 17:49:56	[ 56]  Train data =  34900  Train Acc = 0.7091  Loss = 1.6545  Time = 25.65
2025-06-14 17:50:06	[ 56]  Valid data =  29680  Valid Acc = 0.4793
2025-06-14 17:50:32	[ 57]  Train data =  34900  Train Acc = 0.7177  Loss = 1.6424  Time = 25.70
2025-06-14 17:50:41	[ 57]  Valid data =  29680  Valid Acc = 0.4678
2025-06-14 17:51:07	[ 58]  Train data =  34900  Train Acc = 0.7114  Loss = 1.6458  Time = 25.85
2025-06-14 17:51:17	[ 58]  Valid data =  29680  Valid Acc = 0.4757
2025-06-14 17:51:42	[ 59]  Train data =  34900  Train Acc = 0.7160  Loss = 1.6376  Time = 25.06
2025-06-14 17:51:52	[ 59]  Valid data =  29680  Valid Acc = 0.4505
2025-06-14 17:52:17	[ 60]  Train data =  34900  Train Acc = 0.7196  Loss = 1.6291  Time = 25.13
2025-06-14 17:52:27	[ 60]  Valid data =  29680  Valid Acc = 0.5144
2025-06-14 17:52:50	[ 61]  Train data =  34900  Train Acc = 0.7215  Loss = 1.6227  Time = 22.43
2025-06-14 17:53:00	[ 61]  Valid data =  29680  Valid Acc = 0.4391
2025-06-14 17:53:24	[ 62]  Train data =  34900  Train Acc = 0.7187  Loss = 1.6190  Time = 24.83
2025-06-14 17:53:34	[ 62]  Valid data =  29680  Valid Acc = 0.4914
2025-06-14 17:54:00	[ 63]  Train data =  34900  Train Acc = 0.7227  Loss = 1.6148  Time = 25.75
2025-06-14 17:54:09	[ 63]  Valid data =  29680  Valid Acc = 0.4025
2025-06-14 17:54:35	[ 64]  Train data =  34900  Train Acc = 0.7294  Loss = 1.5996  Time = 25.85
2025-06-14 17:54:45	[ 64]  Valid data =  29680  Valid Acc = 0.4856
2025-06-14 17:55:10	[ 65]  Train data =  34900  Train Acc = 0.7298  Loss = 1.5924  Time = 25.71
2025-06-14 17:55:20	[ 65]  Valid data =  29680  Valid Acc = 0.5036
2025-06-14 17:55:44	[ 66]  Train data =  34900  Train Acc = 0.7189  Loss = 1.6001  Time = 23.63
2025-06-14 17:55:53	[ 66]  Valid data =  29680  Valid Acc = 0.4997
2025-06-14 17:56:19	[ 67]  Train data =  34900  Train Acc = 0.7255  Loss = 1.5896  Time = 25.80
2025-06-14 17:56:29	[ 67]  Valid data =  29680  Valid Acc = 0.4720
2025-06-14 17:56:54	[ 68]  Train data =  34900  Train Acc = 0.7234  Loss = 1.5863  Time = 24.90
2025-06-14 17:57:03	[ 68]  Valid data =  29680  Valid Acc = 0.4751
2025-06-14 17:57:29	[ 69]  Train data =  34900  Train Acc = 0.7424  Loss = 1.5594  Time = 26.04
2025-06-14 17:57:39	[ 69]  Valid data =  29680  Valid Acc = 0.4424
2025-06-14 17:58:05	[ 70]  Train data =  34900  Train Acc = 0.7442  Loss = 1.5512  Time = 25.77
2025-06-14 17:58:14	[ 70]  Valid data =  29680  Valid Acc = 0.4961
2025-06-14 17:58:40	[ 71]  Train data =  34900  Train Acc = 0.7396  Loss = 1.5525  Time = 25.69
2025-06-14 17:58:50	[ 71]  Valid data =  29680  Valid Acc = 0.4628
2025-06-14 17:59:15	[ 72]  Train data =  34900  Train Acc = 0.7402  Loss = 1.5457  Time = 25.75
2025-06-14 17:59:25	[ 72]  Valid data =  29680  Valid Acc = 0.4634
2025-06-14 17:59:51	[ 73]  Train data =  34900  Train Acc = 0.7343  Loss = 1.5486  Time = 25.58
2025-06-14 18:00:00	[ 73]  Valid data =  29680  Valid Acc = 0.4918
2025-06-14 18:00:26	[ 74]  Train data =  34900  Train Acc = 0.7474  Loss = 1.5242  Time = 25.75
2025-06-14 18:00:35	[ 74]  Valid data =  29680  Valid Acc = 0.5280
2025-06-14 18:01:01	[ 75]  Train data =  34900  Train Acc = 0.7346  Loss = 1.5359  Time = 25.39
2025-06-14 18:01:10	[ 75]  Valid data =  29680  Valid Acc = 0.4617
2025-06-14 18:01:36	[ 76]  Train data =  34900  Train Acc = 0.7483  Loss = 1.5144  Time = 25.66
2025-06-14 18:01:46	[ 76]  Valid data =  29680  Valid Acc = 0.4489
2025-06-14 18:02:11	[ 77]  Train data =  34900  Train Acc = 0.7425  Loss = 1.5116  Time = 25.51
2025-06-14 18:02:21	[ 77]  Valid data =  29680  Valid Acc = 0.4653
2025-06-14 18:02:46	[ 78]  Train data =  34900  Train Acc = 0.7540  Loss = 1.4943  Time = 24.82
2025-06-14 18:02:55	[ 78]  Valid data =  29680  Valid Acc = 0.4920
2025-06-14 18:03:21	[ 79]  Train data =  34900  Train Acc = 0.7470  Loss = 1.4968  Time = 25.76
2025-06-14 18:03:31	[ 79]  Valid data =  29680  Valid Acc = 0.4558
2025-06-14 18:03:56	[ 80]  Train data =  34900  Train Acc = 0.7450  Loss = 1.4878  Time = 25.62
2025-06-14 18:04:06	[ 80]  Valid data =  29680  Valid Acc = 0.4888
2025-06-14 18:04:31	[ 81]  Train data =  34900  Train Acc = 0.7457  Loss = 1.4871  Time = 25.77
2025-06-14 18:04:41	[ 81]  Valid data =  29680  Valid Acc = 0.4160
2025-06-14 18:05:06	[ 82]  Train data =  34900  Train Acc = 0.7540  Loss = 1.4689  Time = 25.40
2025-06-14 18:05:16	[ 82]  Valid data =  29680  Valid Acc = 0.4988
2025-06-14 18:05:42	[ 83]  Train data =  34900  Train Acc = 0.7519  Loss = 1.4594  Time = 25.43
2025-06-14 18:05:51	[ 83]  Valid data =  29680  Valid Acc = 0.4726
2025-06-14 18:06:17	[ 84]  Train data =  34900  Train Acc = 0.7579  Loss = 1.4477  Time = 25.76
2025-06-14 18:06:27	[ 84]  Valid data =  29680  Valid Acc = 0.4991
2025-06-14 18:06:51	[ 85]  Train data =  34900  Train Acc = 0.7480  Loss = 1.4540  Time = 23.66
2025-06-14 18:07:00	[ 85]  Valid data =  29680  Valid Acc = 0.4678
2025-06-14 18:07:26	[ 86]  Train data =  34900  Train Acc = 0.7489  Loss = 1.4442  Time = 25.71
2025-06-14 18:07:36	[ 86]  Valid data =  29680  Valid Acc = 0.3709
2025-06-14 18:08:02	[ 87]  Train data =  34900  Train Acc = 0.7511  Loss = 1.4333  Time = 25.69
2025-06-14 18:08:12	[ 87]  Valid data =  29680  Valid Acc = 0.4544
2025-06-14 18:08:37	[ 88]  Train data =  34900  Train Acc = 0.7538  Loss = 1.4238  Time = 25.64
2025-06-14 18:08:47	[ 88]  Valid data =  29680  Valid Acc = 0.4631
2025-06-14 18:09:13	[ 89]  Train data =  34900  Train Acc = 0.7347  Loss = 1.4451  Time = 26.31
2025-06-14 18:09:23	[ 89]  Valid data =  29680  Valid Acc = 0.4600
2025-06-14 18:09:49	[ 90]  Train data =  34900  Train Acc = 0.7646  Loss = 1.3921  Time = 26.42
2025-06-14 18:10:00	[ 90]  Valid data =  29680  Valid Acc = 0.4719
2025-06-14 18:10:25	[ 91]  Train data =  34900  Train Acc = 0.7628  Loss = 1.3925  Time = 25.15
2025-06-14 18:10:35	[ 91]  Valid data =  29680  Valid Acc = 0.4552
2025-06-14 18:11:00	[ 92]  Train data =  34900  Train Acc = 0.7620  Loss = 1.3851  Time = 25.29
2025-06-14 18:11:10	[ 92]  Valid data =  29680  Valid Acc = 0.5342
2025-06-14 18:11:37	[ 93]  Train data =  34900  Train Acc = 0.7773  Loss = 1.3557  Time = 26.81
2025-06-14 18:11:48	[ 93]  Valid data =  29680  Valid Acc = 0.5079
2025-06-14 18:12:14	[ 94]  Train data =  34900  Train Acc = 0.7778  Loss = 1.3484  Time = 26.42
2025-06-14 18:12:24	[ 94]  Valid data =  29680  Valid Acc = 0.4850
2025-06-14 18:12:50	[ 95]  Train data =  34900  Train Acc = 0.7653  Loss = 1.3557  Time = 25.32
2025-06-14 18:13:00	[ 95]  Valid data =  29680  Valid Acc = 0.5010
2025-06-14 18:13:25	[ 96]  Train data =  34900  Train Acc = 0.7706  Loss = 1.3412  Time = 25.28
2025-06-14 18:13:35	[ 96]  Valid data =  29680  Valid Acc = 0.5100
2025-06-14 18:14:01	[ 97]  Train data =  34900  Train Acc = 0.7679  Loss = 1.3383  Time = 25.47
2025-06-14 18:14:11	[ 97]  Valid data =  29680  Valid Acc = 0.4577
2025-06-14 18:14:36	[ 98]  Train data =  34900  Train Acc = 0.7787  Loss = 1.3190  Time = 25.43
2025-06-14 18:14:46	[ 98]  Valid data =  29680  Valid Acc = 0.4578
2025-06-14 18:15:12	[ 99]  Train data =  34900  Train Acc = 0.7682  Loss = 1.3222  Time = 25.16
2025-06-14 18:15:22	[ 99]  Valid data =  29680  Valid Acc = 0.4018
2025-06-14 18:15:47	[100]  Train data =  34900  Train Acc = 0.7727  Loss = 1.3081  Time = 25.43
2025-06-14 18:15:57	[100]  Valid data =  29680  Valid Acc = 0.4991
2025-06-14 18:16:21	[101]  Train data =  34900  Train Acc = 0.7727  Loss = 1.2974  Time = 24.04
2025-06-14 18:16:31	[101]  Valid data =  29680  Valid Acc = 0.5133
2025-06-14 18:16:56	[102]  Train data =  34900  Train Acc = 0.7812  Loss = 1.2804  Time = 25.66
2025-06-14 18:17:07	[102]  Valid data =  29680  Valid Acc = 0.5187
2025-06-14 18:17:32	[103]  Train data =  34900  Train Acc = 0.7725  Loss = 1.2860  Time = 25.12
2025-06-14 18:17:41	[103]  Valid data =  29680  Valid Acc = 0.4945
2025-06-14 18:18:07	[104]  Train data =  34900  Train Acc = 0.7871  Loss = 1.2555  Time = 25.67
2025-06-14 18:18:17	[104]  Valid data =  29680  Valid Acc = 0.4927
2025-06-14 18:18:43	[105]  Train data =  34900  Train Acc = 0.7731  Loss = 1.2655  Time = 25.83
2025-06-14 18:18:53	[105]  Valid data =  29680  Valid Acc = 0.5238
2025-06-14 18:19:18	[106]  Train data =  34900  Train Acc = 0.7850  Loss = 1.2422  Time = 24.40
2025-06-14 18:19:28	[106]  Valid data =  29680  Valid Acc = 0.4288
2025-06-14 18:19:52	[107]  Train data =  34900  Train Acc = 0.7885  Loss = 1.2290  Time = 24.27
2025-06-14 18:20:03	[107]  Valid data =  29680  Valid Acc = 0.5338
2025-06-14 18:20:29	[108]  Train data =  34900  Train Acc = 0.7799  Loss = 1.2379  Time = 25.82
2025-06-14 18:20:39	[108]  Valid data =  29680  Valid Acc = 0.4944
2025-06-14 18:21:05	[109]  Train data =  34900  Train Acc = 0.7846  Loss = 1.2231  Time = 26.30
2025-06-14 18:21:16	[109]  Valid data =  29680  Valid Acc = 0.4207
2025-06-14 18:21:42	[110]  Train data =  34900  Train Acc = 0.7676  Loss = 1.2390  Time = 25.98
2025-06-14 18:21:52	[110]  Valid data =  29680  Valid Acc = 0.5219
2025-06-14 18:22:18	[111]  Train data =  34900  Train Acc = 0.7867  Loss = 1.2003  Time = 26.46
2025-06-14 18:22:29	[111]  Valid data =  29680  Valid Acc = 0.5195
2025-06-14 18:22:53	[112]  Train data =  34900  Train Acc = 0.7815  Loss = 1.2037  Time = 24.57
2025-06-14 18:23:04	[112]  Valid data =  29680  Valid Acc = 0.5032
2025-06-14 18:23:29	[113]  Train data =  34900  Train Acc = 0.7819  Loss = 1.1951  Time = 25.44
2025-06-14 18:23:40	[113]  Valid data =  29680  Valid Acc = 0.5263
2025-06-14 18:24:05	[114]  Train data =  34900  Train Acc = 0.7849  Loss = 1.1828  Time = 25.16
2025-06-14 18:24:15	[114]  Valid data =  29680  Valid Acc = 0.4924
2025-06-14 18:24:41	[115]  Train data =  34900  Train Acc = 0.7976  Loss = 1.1550  Time = 25.65
2025-06-14 18:24:51	[115]  Valid data =  29680  Valid Acc = 0.4837
2025-06-14 18:25:16	[116]  Train data =  34900  Train Acc = 0.7953  Loss = 1.1481  Time = 25.72
2025-06-14 18:25:27	[116]  Valid data =  29680  Valid Acc = 0.4660
2025-06-14 18:25:53	[117]  Train data =  34900  Train Acc = 0.7847  Loss = 1.1572  Time = 26.21
2025-06-14 18:26:03	[117]  Valid data =  29680  Valid Acc = 0.5288
2025-06-14 18:26:29	[118]  Train data =  34900  Train Acc = 0.7906  Loss = 1.1410  Time = 25.67
2025-06-14 18:26:39	[118]  Valid data =  29680  Valid Acc = 0.5345
2025-06-14 18:27:06	[119]  Train data =  34900  Train Acc = 0.8034  Loss = 1.1137  Time = 26.48
2025-06-14 18:27:16	[119]  Valid data =  29680  Valid Acc = 0.4652
2025-06-14 18:27:42	[120]  Train data =  34900  Train Acc = 0.7941  Loss = 1.1207  Time = 26.06
2025-06-14 18:27:52	[120]  Valid data =  29680  Valid Acc = 0.4867
2025-06-14 18:28:18	[121]  Train data =  34900  Train Acc = 0.7954  Loss = 1.1117  Time = 25.82
2025-06-14 18:28:28	[121]  Valid data =  29680  Valid Acc = 0.4480
2025-06-14 18:28:55	[122]  Train data =  34900  Train Acc = 0.7993  Loss = 1.0965  Time = 26.29
2025-06-14 18:29:05	[122]  Valid data =  29680  Valid Acc = 0.5282
2025-06-14 18:29:31	[123]  Train data =  34900  Train Acc = 0.7988  Loss = 1.0926  Time = 26.12
2025-06-14 18:29:41	[123]  Valid data =  29680  Valid Acc = 0.4750
2025-06-14 18:30:07	[124]  Train data =  34900  Train Acc = 0.7927  Loss = 1.0929  Time = 26.21
2025-06-14 18:30:17	[124]  Valid data =  29680  Valid Acc = 0.5236
2025-06-14 18:30:43	[125]  Train data =  34900  Train Acc = 0.8023  Loss = 1.0705  Time = 25.81
2025-06-14 18:30:53	[125]  Valid data =  29680  Valid Acc = 0.4907
2025-06-14 18:31:19	[126]  Train data =  34900  Train Acc = 0.8003  Loss = 1.0635  Time = 25.92
2025-06-14 18:31:29	[126]  Valid data =  29680  Valid Acc = 0.5314
2025-06-14 18:31:55	[127]  Train data =  34900  Train Acc = 0.8112  Loss = 1.0449  Time = 25.79
2025-06-14 18:32:05	[127]  Valid data =  29680  Valid Acc = 0.5329
2025-06-14 18:32:27	[128]  Train data =  34900  Train Acc = 0.8199  Loss = 1.0201  Time = 22.73
2025-06-14 18:32:37	[128]  Valid data =  29680  Valid Acc = 0.5216
2025-06-14 18:33:03	[129]  Train data =  34900  Train Acc = 0.7973  Loss = 1.0507  Time = 25.51
2025-06-14 18:33:13	[129]  Valid data =  29680  Valid Acc = 0.5019
2025-06-14 18:33:40	[130]  Train data =  34900  Train Acc = 0.8023  Loss = 1.0371  Time = 26.56
2025-06-14 18:33:50	[130]  Valid data =  29680  Valid Acc = 0.5136
2025-06-14 18:34:15	[131]  Train data =  34900  Train Acc = 0.8077  Loss = 1.0209  Time = 25.48
2025-06-14 18:34:25	[131]  Valid data =  29680  Valid Acc = 0.4962
2025-06-14 18:34:51	[132]  Train data =  34900  Train Acc = 0.8099  Loss = 1.0101  Time = 25.64
2025-06-14 18:35:01	[132]  Valid data =  29680  Valid Acc = 0.5385
2025-06-14 18:35:27	[133]  Train data =  34900  Train Acc = 0.8082  Loss = 1.0056  Time = 25.60
2025-06-14 18:35:37	[133]  Valid data =  29680  Valid Acc = 0.5256
2025-06-14 18:36:02	[134]  Train data =  34900  Train Acc = 0.8081  Loss = 0.9959  Time = 25.04
2025-06-14 18:36:11	[134]  Valid data =  29680  Valid Acc = 0.5403
2025-06-14 18:36:37	[135]  Train data =  34900  Train Acc = 0.8139  Loss = 0.9776  Time = 25.54
2025-06-14 18:36:47	[135]  Valid data =  29680  Valid Acc = 0.5265
2025-06-14 18:37:12	[136]  Train data =  34900  Train Acc = 0.8128  Loss = 0.9742  Time = 25.60
2025-06-14 18:37:22	[136]  Valid data =  29680  Valid Acc = 0.4993
2025-06-14 18:37:47	[137]  Train data =  34900  Train Acc = 0.8090  Loss = 0.9787  Time = 25.63
2025-06-14 18:37:57	[137]  Valid data =  29680  Valid Acc = 0.5254
2025-06-14 18:38:24	[138]  Train data =  34900  Train Acc = 0.8157  Loss = 0.9583  Time = 26.37
2025-06-14 18:38:34	[138]  Valid data =  29680  Valid Acc = 0.5259
2025-06-14 18:39:00	[139]  Train data =  34900  Train Acc = 0.8223  Loss = 0.9411  Time = 26.53
2025-06-14 18:39:10	[139]  Valid data =  29680  Valid Acc = 0.5322
2025-06-14 18:39:36	[140]  Train data =  34900  Train Acc = 0.8203  Loss = 0.9386  Time = 25.59
2025-06-14 18:39:45	[140]  Valid data =  29680  Valid Acc = 0.5263
2025-06-14 18:40:11	[141]  Train data =  34900  Train Acc = 0.8240  Loss = 0.9224  Time = 25.66
2025-06-14 18:40:20	[141]  Valid data =  29680  Valid Acc = 0.5408
2025-06-14 18:40:44	[142]  Train data =  34900  Train Acc = 0.8146  Loss = 0.9319  Time = 24.08
2025-06-14 18:40:54	[142]  Valid data =  29680  Valid Acc = 0.5147
2025-06-14 18:41:17	[143]  Train data =  34900  Train Acc = 0.8202  Loss = 0.9177  Time = 23.43
2025-06-14 18:41:27	[143]  Valid data =  29680  Valid Acc = 0.4840
2025-06-14 18:41:52	[144]  Train data =  34900  Train Acc = 0.8207  Loss = 0.9088  Time = 24.37
2025-06-14 18:42:01	[144]  Valid data =  29680  Valid Acc = 0.5363
2025-06-14 18:42:26	[145]  Train data =  34900  Train Acc = 0.8272  Loss = 0.8936  Time = 25.00
2025-06-14 18:42:36	[145]  Valid data =  29680  Valid Acc = 0.5152
2025-06-14 18:43:02	[146]  Train data =  34900  Train Acc = 0.8173  Loss = 0.9015  Time = 25.46
2025-06-14 18:43:12	[146]  Valid data =  29680  Valid Acc = 0.5465
2025-06-14 18:43:37	[147]  Train data =  34900  Train Acc = 0.8238  Loss = 0.8925  Time = 25.64
2025-06-14 18:43:47	[147]  Valid data =  29680  Valid Acc = 0.4828
2025-06-14 18:44:12	[148]  Train data =  34900  Train Acc = 0.8229  Loss = 0.8785  Time = 25.45
2025-06-14 18:44:22	[148]  Valid data =  29680  Valid Acc = 0.5400
2025-06-14 18:44:47	[149]  Train data =  34900  Train Acc = 0.8335  Loss = 0.8623  Time = 25.49
2025-06-14 18:44:57	[149]  Valid data =  29680  Valid Acc = 0.5379
2025-06-14 18:45:22	[150]  Train data =  34900  Train Acc = 0.8371  Loss = 0.8410  Time = 25.16
2025-06-14 18:45:32	[150]  Valid data =  29680  Valid Acc = 0.5315
2025-06-14 18:45:58	[151]  Train data =  34900  Train Acc = 0.8305  Loss = 0.8512  Time = 25.55
2025-06-14 18:46:07	[151]  Valid data =  29680  Valid Acc = 0.5364
2025-06-14 18:46:32	[152]  Train data =  34900  Train Acc = 0.8279  Loss = 0.8495  Time = 25.16
2025-06-14 18:46:42	[152]  Valid data =  29680  Valid Acc = 0.5301
2025-06-14 18:47:07	[153]  Train data =  34900  Train Acc = 0.8291  Loss = 0.8432  Time = 25.29
2025-06-14 18:47:17	[153]  Valid data =  29680  Valid Acc = 0.5120
2025-06-14 18:47:42	[154]  Train data =  34900  Train Acc = 0.8360  Loss = 0.8280  Time = 25.35
2025-06-14 18:47:52	[154]  Valid data =  29680  Valid Acc = 0.5489
2025-06-14 18:48:17	[155]  Train data =  34900  Train Acc = 0.8418  Loss = 0.8097  Time = 25.64
2025-06-14 18:48:27	[155]  Valid data =  29680  Valid Acc = 0.5508
2025-06-14 18:48:52	[156]  Train data =  34900  Train Acc = 0.8360  Loss = 0.8130  Time = 25.28
2025-06-14 18:49:02	[156]  Valid data =  29680  Valid Acc = 0.5490
2025-06-14 18:49:28	[157]  Train data =  34900  Train Acc = 0.8252  Loss = 0.8251  Time = 25.51
2025-06-14 18:49:38	[157]  Valid data =  29680  Valid Acc = 0.5033
2025-06-14 18:50:03	[158]  Train data =  34900  Train Acc = 0.8391  Loss = 0.7967  Time = 25.35
2025-06-14 18:50:13	[158]  Valid data =  29680  Valid Acc = 0.5223
2025-06-14 18:50:38	[159]  Train data =  34900  Train Acc = 0.8363  Loss = 0.7984  Time = 25.46
2025-06-14 18:50:48	[159]  Valid data =  29680  Valid Acc = 0.5344
2025-06-14 18:51:14	[160]  Train data =  34900  Train Acc = 0.8298  Loss = 0.8038  Time = 25.63
2025-06-14 18:51:24	[160]  Valid data =  29680  Valid Acc = 0.5038
2025-06-14 18:51:49	[161]  Train data =  34900  Train Acc = 0.8313  Loss = 0.7965  Time = 25.54
2025-06-14 18:51:59	[161]  Valid data =  29680  Valid Acc = 0.5556
2025-06-14 18:52:22	[162]  Train data =  34900  Train Acc = 0.8438  Loss = 0.7664  Time = 23.27
2025-06-14 18:52:32	[162]  Valid data =  29680  Valid Acc = 0.5184
2025-06-14 18:52:57	[163]  Train data =  34900  Train Acc = 0.8347  Loss = 0.7824  Time = 25.49
2025-06-14 18:53:07	[163]  Valid data =  29680  Valid Acc = 0.5471
2025-06-14 18:53:33	[164]  Train data =  34900  Train Acc = 0.8428  Loss = 0.7566  Time = 25.59
2025-06-14 18:53:43	[164]  Valid data =  29680  Valid Acc = 0.5079
2025-06-14 18:54:08	[165]  Train data =  34900  Train Acc = 0.8420  Loss = 0.7574  Time = 25.33
2025-06-14 18:54:18	[165]  Valid data =  29680  Valid Acc = 0.5226
2025-06-14 18:54:43	[166]  Train data =  34900  Train Acc = 0.8491  Loss = 0.7418  Time = 24.86
2025-06-14 18:54:53	[166]  Valid data =  29680  Valid Acc = 0.5312
2025-06-14 18:55:18	[167]  Train data =  34900  Train Acc = 0.8347  Loss = 0.7584  Time = 25.44
2025-06-14 18:55:28	[167]  Valid data =  29680  Valid Acc = 0.5542
2025-06-14 18:55:53	[168]  Train data =  34900  Train Acc = 0.8506  Loss = 0.7236  Time = 25.36
2025-06-14 18:56:03	[168]  Valid data =  29680  Valid Acc = 0.5477
2025-06-14 18:56:28	[169]  Train data =  34900  Train Acc = 0.8385  Loss = 0.7460  Time = 25.29
2025-06-14 18:56:37	[169]  Valid data =  29680  Valid Acc = 0.5513
2025-06-14 18:57:01	[170]  Train data =  34900  Train Acc = 0.8613  Loss = 0.6946  Time = 23.53
2025-06-14 18:57:07	[170]  Valid data =  29680  Valid Acc = 0.5470
2025-06-14 18:57:32	[171]  Train data =  34900  Train Acc = 0.8529  Loss = 0.7032  Time = 24.28
2025-06-14 18:57:38	[171]  Valid data =  29680  Valid Acc = 0.5500
2025-06-14 18:58:02	[172]  Train data =  34900  Train Acc = 0.8396  Loss = 0.7258  Time = 24.22
2025-06-14 18:58:09	[172]  Valid data =  29680  Valid Acc = 0.5553
2025-06-14 18:58:33	[173]  Train data =  34900  Train Acc = 0.8480  Loss = 0.7081  Time = 24.09
2025-06-14 18:58:40	[173]  Valid data =  29680  Valid Acc = 0.5560
2025-06-14 18:59:03	[174]  Train data =  34900  Train Acc = 0.8477  Loss = 0.7033  Time = 23.14
2025-06-14 18:59:08	[174]  Valid data =  29680  Valid Acc = 0.5530
2025-06-14 18:59:28	[175]  Train data =  34900  Train Acc = 0.8448  Loss = 0.7060  Time = 19.98
2025-06-14 18:59:33	[175]  Valid data =  29680  Valid Acc = 0.5583
2025-06-14 18:59:53	[176]  Train data =  34900  Train Acc = 0.8502  Loss = 0.6870  Time = 20.26
2025-06-14 18:59:58	[176]  Valid data =  29680  Valid Acc = 0.5544
2025-06-14 19:00:22	[177]  Train data =  34900  Train Acc = 0.8660  Loss = 0.6557  Time = 23.76
2025-06-14 19:00:27	[177]  Valid data =  29680  Valid Acc = 0.5560
2025-06-14 19:00:50	[178]  Train data =  34900  Train Acc = 0.8583  Loss = 0.6663  Time = 23.54
2025-06-14 19:00:55	[178]  Valid data =  29680  Valid Acc = 0.5544
2025-06-14 19:01:12	[179]  Train data =  34900  Train Acc = 0.8549  Loss = 0.6679  Time = 16.77
2025-06-14 19:01:17	[179]  Valid data =  29680  Valid Acc = 0.5615
2025-06-14 19:01:41	[180]  Train data =  34900  Train Acc = 0.8496  Loss = 0.6728  Time = 23.75
2025-06-14 19:01:46	[180]  Valid data =  29680  Valid Acc = 0.5654
2025-06-14 19:02:10	[181]  Train data =  34900  Train Acc = 0.8526  Loss = 0.6629  Time = 23.75
2025-06-14 19:02:15	[181]  Valid data =  29680  Valid Acc = 0.5613
2025-06-14 19:02:38	[182]  Train data =  34900  Train Acc = 0.8565  Loss = 0.6509  Time = 23.54
2025-06-14 19:02:43	[182]  Valid data =  29680  Valid Acc = 0.5620
2025-06-14 19:03:07	[183]  Train data =  34900  Train Acc = 0.8584  Loss = 0.6473  Time = 23.63
2025-06-14 19:03:12	[183]  Valid data =  29680  Valid Acc = 0.5614
2025-06-14 19:03:36	[184]  Train data =  34900  Train Acc = 0.8614  Loss = 0.6330  Time = 23.79
2025-06-14 19:03:40	[184]  Valid data =  29680  Valid Acc = 0.5568
2025-06-14 19:04:02	[185]  Train data =  34900  Train Acc = 0.8574  Loss = 0.6390  Time = 21.92
2025-06-14 19:04:07	[185]  Valid data =  29680  Valid Acc = 0.5645
2025-06-14 19:04:31	[186]  Train data =  34900  Train Acc = 0.8654  Loss = 0.6171  Time = 23.41
2025-06-14 19:04:36	[186]  Valid data =  29680  Valid Acc = 0.5588
2025-06-14 19:04:59	[187]  Train data =  34900  Train Acc = 0.8511  Loss = 0.6466  Time = 23.71
2025-06-14 19:05:04	[187]  Valid data =  29680  Valid Acc = 0.5565
2025-06-14 19:05:26	[188]  Train data =  34900  Train Acc = 0.8566  Loss = 0.6296  Time = 21.90
2025-06-14 19:05:31	[188]  Valid data =  29680  Valid Acc = 0.5584
2025-06-14 19:05:54	[189]  Train data =  34900  Train Acc = 0.8660  Loss = 0.6065  Time = 23.67
2025-06-14 19:05:59	[189]  Valid data =  29680  Valid Acc = 0.5605
2025-06-14 19:06:23	[190]  Train data =  34900  Train Acc = 0.8559  Loss = 0.6231  Time = 23.94
2025-06-14 19:06:27	[190]  Valid data =  29680  Valid Acc = 0.5626
2025-06-14 19:06:51	[191]  Train data =  34900  Train Acc = 0.8592  Loss = 0.6151  Time = 23.10
2025-06-14 19:06:55	[191]  Valid data =  29680  Valid Acc = 0.5557
2025-06-14 19:07:18	[192]  Train data =  34900  Train Acc = 0.8593  Loss = 0.6094  Time = 22.89
2025-06-14 19:07:22	[192]  Valid data =  29680  Valid Acc = 0.5607
2025-06-14 19:07:46	[193]  Train data =  34900  Train Acc = 0.8673  Loss = 0.5927  Time = 23.65
2025-06-14 19:07:50	[193]  Valid data =  29680  Valid Acc = 0.5609
2025-06-14 19:08:13	[194]  Train data =  34900  Train Acc = 0.8660  Loss = 0.5895  Time = 23.24
2025-06-14 19:08:18	[194]  Valid data =  29680  Valid Acc = 0.5577
2025-06-14 19:08:41	[195]  Train data =  34900  Train Acc = 0.8637  Loss = 0.5913  Time = 23.63
2025-06-14 19:08:46	[195]  Valid data =  29680  Valid Acc = 0.5616
2025-06-14 19:09:09	[196]  Train data =  34900  Train Acc = 0.8635  Loss = 0.5909  Time = 23.47
2025-06-14 19:09:14	[196]  Valid data =  29680  Valid Acc = 0.5599
2025-06-14 19:09:31	[197]  Train data =  34900  Train Acc = 0.8659  Loss = 0.5767  Time = 16.72
2025-06-14 19:09:36	[197]  Valid data =  29680  Valid Acc = 0.5616
2025-06-14 19:09:59	[198]  Train data =  34900  Train Acc = 0.8665  Loss = 0.5738  Time = 23.77
2025-06-14 19:10:05	[198]  Valid data =  29680  Valid Acc = 0.5636
2025-06-14 19:10:28	[199]  Train data =  34900  Train Acc = 0.8723  Loss = 0.5612  Time = 23.56
2025-06-14 19:10:33	[199]  Valid data =  29680  Valid Acc = 0.5620
2025-06-14 19:10:57	[200]  Train data =  34900  Train Acc = 0.8589  Loss = 0.5890  Time = 23.28
2025-06-14 19:11:01	[200]  Valid data =  29680  Valid Acc = 0.5622
2025-06-14 19:11:01	Best Valid Acc = 0.5654
2025-06-14 19:11:01	Total Training Time: 6813.95
2025-06-14 19:11:11	Best Valid Acc = 0.5654 and Final Test Acc = 0.5654
